[2025-07-02 15:48:16.782 INF] DiagnosticLogger.Initialize(DiagnosticLogger:56) (1): Logging system initialized successfully
[2025-07-02 15:48:16.803 INF] DiagnosticLogger.Initialize(DiagnosticLogger:57) (1): Log file: C:\Users\Administrator\Documents\Noor-Ahlyebait-PC\NoorAhlulBayt.Browser\bin\Debug\net9.0-windows\Logs\NoorAhlulBayt.Browser_20250702_154816.log
[2025-07-02 15:48:16.803 INF] DiagnosticLogger.Initialize(DiagnosticLogger:58) (1): Application: NoorAhlulBayt.Browser
[2025-07-02 15:48:16.804 INF] DiagnosticLogger.Initialize(DiagnosticLogger:59) (1): Process ID: 4596
[2025-07-02 15:48:16.804 INF] DiagnosticLogger.Initialize(DiagnosticLogger:60) (1): Thread ID: 1
[2025-07-02 15:48:16.805 INF] DiagnosticLogger.Initialize(DiagnosticLogger:61) (1): Working Directory: C:\Users\Administrator\Documents\Noor-Ahlyebait-PC\NoorAhlulBayt.Browser\bin\Debug\net9.0-windows
[2025-07-02 15:48:16.805 INF] DiagnosticLogger.Initialize(DiagnosticLogger:62) (1): Base Directory: C:\Users\Administrator\Documents\Noor-Ahlyebait-PC\NoorAhlulBayt.Browser\bin\Debug\net9.0-windows\
[2025-07-02 15:48:16.927 INF] DiagnosticLogger.CreateDebugConsole(DiagnosticLogger:103) (1): Debug console window created successfully
[2025-07-02 15:48:16.929 INF] Startup.LogStartupStep(DiagnosticLogger:220) (1): STARTUP: Application starting - Arguments: 
[2025-07-02 15:48:16.930 INF] Startup.LogStartupStep(DiagnosticLogger:220) (1): STARTUP: CLR Version - 9.0.6
[2025-07-02 15:48:16.930 INF] Startup.LogStartupStep(DiagnosticLogger:220) (1): STARTUP: OS Version - Microsoft Windows NT 10.0.20348.0
[2025-07-02 15:48:16.931 INF] Startup.LogStartupStep(DiagnosticLogger:220) (1): STARTUP: Machine Name - COPY-OF-VM-2022
[2025-07-02 15:48:16.932 INF] Startup.LogStartupStep(DiagnosticLogger:220) (1): STARTUP: User Name - Administrator
[2025-07-02 15:48:16.932 INF] Startup.LogStartupStep(DiagnosticLogger:220) (1): STARTUP: Is 64-bit Process - True
[2025-07-02 15:48:16.932 INF] Startup.LogStartupStep(DiagnosticLogger:220) (1): STARTUP: Is 64-bit OS - True
[2025-07-02 15:48:16.933 INF] Startup.LogStartupStep(DiagnosticLogger:220) (1): STARTUP: Exception handlers registered
[2025-07-02 15:48:16.933 INF] Startup.LogStartupStep(DiagnosticLogger:220) (1): STARTUP: Base startup completed
[2025-07-02 15:48:16.945 INF] Startup.LogStartupStep(DiagnosticLogger:220) (1): STARTUP: MainWindow constructor started
[2025-07-02 15:48:16.946 INF] Window.LogWindowEvent(DiagnosticLogger:232) (1): WINDOW: Constructor - Initializing MainWindow
[2025-07-02 15:48:16.946 INF] Startup.LogStartupStep(DiagnosticLogger:220) (1): STARTUP: Calling InitializeComponent
[2025-07-02 15:48:17.182 INF] Startup.LogStartupStep(DiagnosticLogger:220) (1): STARTUP: InitializeComponent completed
[2025-07-02 15:48:17.192 INF] Window.LogWindowEvent(DiagnosticLogger:232) (1): WINDOW: Window Properties - Title: Noor-e-AhlulBayt Islamic Browser, Width: 1200, Height: 800
[2025-07-02 15:48:17.194 INF] Window.LogWindowEvent(DiagnosticLogger:232) (1): WINDOW: Window State - WindowState: Normal, Visibility: Collapsed
[2025-07-02 15:48:17.195 INF] Startup.LogStartupStep(DiagnosticLogger:220) (1): STARTUP: Initializing HttpClient
[2025-07-02 15:48:17.198 INF] Startup.LogStartupStep(DiagnosticLogger:220) (1): STARTUP: HttpClient initialized
[2025-07-02 15:48:17.198 INF] Startup.LogStartupStep(DiagnosticLogger:220) (1): STARTUP: Configuring database context
[2025-07-02 15:48:17.303 INF] Startup.LogStartupStep(DiagnosticLogger:220) (1): STARTUP: Database context configured - Connection: Data Source=noor_browser.db
[2025-07-02 15:48:17.303 INF] Startup.LogStartupStep(DiagnosticLogger:220) (1): STARTUP: Initializing ContentFilterService
[2025-07-02 15:48:17.320 INF] Startup.LogStartupStep(DiagnosticLogger:220) (1): STARTUP: ContentFilterService initialized - NSFW Model: Loaded
[2025-07-02 15:48:17.321 INF] Startup.LogStartupStep(DiagnosticLogger:220) (1): STARTUP: Initializing PrayerTimeService
[2025-07-02 15:48:17.322 INF] Startup.LogStartupStep(DiagnosticLogger:220) (1): STARTUP: PrayerTimeService initialized
[2025-07-02 15:48:17.344 INF] Startup.LogStartupStep(DiagnosticLogger:220) (1): STARTUP: Initializing WebViewContentFilterService
[2025-07-02 15:48:17.357 INF] Startup.LogStartupStep(DiagnosticLogger:220) (1): STARTUP: WebViewContentFilterService initialized
[2025-07-02 15:48:17.358 INF] Startup.LogStartupStep(DiagnosticLogger:220) (1): STARTUP: Setting up prayer timer
[2025-07-02 15:48:17.361 INF] Startup.LogStartupStep(DiagnosticLogger:220) (1): STARTUP: Prayer timer started - Interval: 60 seconds
[2025-07-02 15:48:17.361 INF] Startup.LogStartupStep(DiagnosticLogger:220) (1): STARTUP: Registering Loaded event handler
[2025-07-02 15:48:17.362 INF] Startup.LogStartupStep(DiagnosticLogger:220) (1): STARTUP: MainWindow constructor completed successfully
[2025-07-02 15:48:17.401 INF] Window.LogWindowEvent(DiagnosticLogger:232) (1): WINDOW: LocationChanged - New location: 168, 12
[2025-07-02 15:48:17.423 INF] Window.LogWindowEvent(DiagnosticLogger:232) (1): WINDOW: IsVisibleChanged - Visible: True
[2025-07-02 15:48:17.568 INF] Window.LogWindowEvent(DiagnosticLogger:232) (1): WINDOW: SizeChanged - New size: 1200x800
[2025-07-02 15:48:17.615 INF] Window.LogWindowEvent(DiagnosticLogger:232) (1): WINDOW: Activated - Window activated
[2025-07-02 15:48:17.641 INF] Window.LogWindowEvent(DiagnosticLogger:232) (1): WINDOW: Loaded - MainWindow loaded event triggered
[2025-07-02 15:48:17.641 INF] Window.LogWindowEvent(DiagnosticLogger:232) (1): WINDOW: Window State - ActualWidth: 1200, ActualHeight: 800
[2025-07-02 15:48:17.642 INF] Window.LogWindowEvent(DiagnosticLogger:232) (1): WINDOW: Window State - IsVisible: True, IsActive: True
[2025-07-02 15:48:17.643 INF] Window.LogWindowEvent(DiagnosticLogger:232) (1): WINDOW: Window State - WindowState: Normal, Topmost: False
[2025-07-02 15:48:17.644 INF] Startup.LogStartupStep(DiagnosticLogger:220) (1): STARTUP: InitializeBrowser started
[2025-07-02 15:48:17.644 INF] Startup.LogStartupStep(DiagnosticLogger:220) (1): STARTUP: Creating database if needed
[2025-07-02 15:48:18.011 INF] Startup.LogStartupStep(DiagnosticLogger:220) (1): STARTUP: Database creation completed
[2025-07-02 15:48:18.023 INF] Startup.LogStartupStep(DiagnosticLogger:220) (1): STARTUP: Loading profile and settings
[2025-07-02 15:48:18.338 INF] Startup.LogStartupStep(DiagnosticLogger:220) (1): STARTUP: Profile and settings loaded
[2025-07-02 15:48:18.340 INF] WebView2.LogWebView2Event(DiagnosticLogger:226) (1): WEBVIEW2: Checking WebView2 availability
[2025-07-02 15:48:18.344 INF] WebView2.LogWebView2Event(DiagnosticLogger:226) (1): WEBVIEW2: WebView2 version available - 138.0.3351.65
[2025-07-02 15:48:18.344 INF] WebView2.LogWebView2Event(DiagnosticLogger:226) (1): WEBVIEW2: Initializing WebView2 core
[2025-07-02 15:48:18.344 INF] WebView2.LogWebView2Event(DiagnosticLogger:226) (1): WEBVIEW2: WebView2 control state - IsLoaded: True, Visibility: Visible
[2025-07-02 15:48:18.838 INF] WebView2.LogWebView2Event(DiagnosticLogger:226) (1): WEBVIEW2: WebView2 core initialized
[2025-07-02 15:48:18.889 INF] WebView2.LogWebView2Event(DiagnosticLogger:226) (1): WEBVIEW2: WebView2 environment - BrowserVersionString: 138.0.3351.65
[2025-07-02 15:48:18.940 INF] WebView2.LogWebView2Event(DiagnosticLogger:226) (1): WEBVIEW2: WebView2 environment - UserDataFolder: C:\Users\Administrator\Documents\Noor-Ahlyebait-PC\NoorAhlulBayt.Browser\bin\Debug\net9.0-windows\NoorAhlulBayt.Browser.exe.WebView2
[2025-07-02 15:48:18.947 INF] WebView2.LogWebView2Event(DiagnosticLogger:226) (1): WEBVIEW2: Configuring WebView2 settings
[2025-07-02 15:48:18.949 INF] WebView2.LogWebView2Event(DiagnosticLogger:226) (1): WEBVIEW2: ConfigureWebView - Starting WebView2 configuration
[2025-07-02 15:48:18.983 INF] WebView2.LogWebView2Event(DiagnosticLogger:226) (1): WEBVIEW2: ConfigureWebView - Retrieved WebView2 settings
[2025-07-02 15:48:18.984 INF] WebView2.LogWebView2Event(DiagnosticLogger:226) (1): WEBVIEW2: ConfigureWebView - Configuring security settings
[2025-07-02 15:48:18.986 INF] WebView2.LogWebView2Event(DiagnosticLogger:226) (1): WEBVIEW2: ConfigureWebView - Security settings configured
[2025-07-02 15:48:18.986 INF] WebView2.LogWebView2Event(DiagnosticLogger:226) (1): WEBVIEW2: ConfigureWebView - Configuring content settings
[2025-07-02 15:48:18.987 INF] WebView2.LogWebView2Event(DiagnosticLogger:226) (1): WEBVIEW2: ConfigureWebView - Content settings configured
[2025-07-02 15:48:18.990 INF] WebView2.LogWebView2Event(DiagnosticLogger:226) (1): WEBVIEW2: ConfigureWebView - Setting up content filtering
[2025-07-02 15:48:18.992 INF] WebView2.LogWebView2Event(DiagnosticLogger:226) (1): WEBVIEW2: ConfigureWebView - Content filtering configured
[2025-07-02 15:48:19.064 INF] WebView2.LogWebView2Event(DiagnosticLogger:226) (1): WEBVIEW2: ConfigureWebView - Initializing advanced content filtering
[2025-07-02 15:48:19.068 INF] WebView2.LogWebView2Event(DiagnosticLogger:226) (1): WEBVIEW2: ConfigureWebView - Advanced content filtering initialized successfully
[2025-07-02 15:48:19.114 INF] WebView2.LogWebView2Event(DiagnosticLogger:226) (1): WEBVIEW2: ConfigureWebView - Skipping DOMContentLoaded event to prevent styling interference
[2025-07-02 15:48:19.114 INF] WebView2.LogWebView2Event(DiagnosticLogger:226) (1): WEBVIEW2: ConfigureWebView - Setting up new window handling
[2025-07-02 15:48:19.117 INF] WebView2.LogWebView2Event(DiagnosticLogger:226) (1): WEBVIEW2: ConfigureWebView - WebView2 configuration completed successfully
[2025-07-02 15:48:19.118 INF] WebView2.LogWebView2Event(DiagnosticLogger:226) (1): WEBVIEW2: WebView2 settings configured
[2025-07-02 15:48:19.118 INF] WebView2.LogWebView2Event(DiagnosticLogger:226) (1): WEBVIEW2: Navigating to home page - https://www.google.com
[2025-07-02 15:48:19.119 INF] Startup.LogStartupStep(DiagnosticLogger:220) (1): STARTUP: Updating prayer time display
[2025-07-02 15:48:19.122 INF] Startup.LogStartupStep(DiagnosticLogger:220) (1): STARTUP: Prayer time display updated
[2025-07-02 15:48:19.125 INF] Startup.LogStartupStep(DiagnosticLogger:220) (1): STARTUP: Updating status bar
[2025-07-02 15:48:19.127 INF] Startup.LogStartupStep(DiagnosticLogger:220) (1): STARTUP: Status bar updated
[2025-07-02 15:48:19.130 INF] Startup.LogStartupStep(DiagnosticLogger:220) (1): STARTUP: InitializeBrowser completed successfully
[2025-07-02 15:48:19.131 INF] Window.LogWindowEvent(DiagnosticLogger:232) (1): WINDOW: Loaded - MainWindow loaded event completed successfully
[2025-07-02 15:48:19.214 INF] WebView2.LogWebView2Event(DiagnosticLogger:226) (1): WEBVIEW2: NavigationStarting - URL: https://www.google.com/
[2025-07-02 15:48:19.236 INF] WebView2.LogWebView2Event(DiagnosticLogger:226) (1): WEBVIEW2: NavigationStarting - IsUserInitiated: True, IsRedirected: False
[2025-07-02 15:48:19.237 INF] WebView2.LogWebView2Event(DiagnosticLogger:226) (1): WEBVIEW2: UI - Loading overlay shown
[2025-07-02 15:48:19.278 INF] WebView2.LogWebView2Event(DiagnosticLogger:226) (1): WEBVIEW2: UI - Address bar updated
[2025-07-02 15:48:19.282 INF] WebView2.LogWebView2Event(DiagnosticLogger:226) (1): WEBVIEW2: UI - Status text updated
[2025-07-02 15:48:19.282 INF] WebView2.LogWebView2Event(DiagnosticLogger:226) (1): WEBVIEW2: NavigationStarting - Completed successfully
[2025-07-02 15:48:20.118 INF] WebView2.LogWebView2Event(DiagnosticLogger:226) (1): WEBVIEW2: NavigationCompleted - IsSuccess: True
[2025-07-02 15:48:20.259 INF] WebView2.LogWebView2Event(DiagnosticLogger:226) (1): WEBVIEW2: NavigationCompleted - Final URL: https://www.google.com/
[2025-07-02 15:48:20.261 INF] WebView2.LogWebView2Event(DiagnosticLogger:226) (1): WEBVIEW2: NavigationCompleted - Document Title: Google
[2025-07-02 15:48:20.262 INF] WebView2.LogWebView2Event(DiagnosticLogger:226) (1): WEBVIEW2: UI - Loading overlay hidden
[2025-07-02 15:48:20.262 INF] WebView2.LogWebView2Event(DiagnosticLogger:226) (1): WEBVIEW2: NavigationCompleted - Navigation successful
[2025-07-02 15:48:20.263 INF] WebView2.LogWebView2Event(DiagnosticLogger:226) (1): WEBVIEW2: CSS - Skipping CSS injection to prevent web page styling interference
[2025-07-02 15:48:20.264 INF] WebView2.LogWebView2Event(DiagnosticLogger:226) (1): WEBVIEW2: UI - Navigation buttons updated - Back: False, Forward: False
[2025-07-02 15:48:20.264 INF] WebView2.LogWebView2Event(DiagnosticLogger:226) (1): WEBVIEW2: UI - Address bar updated with final URL
[2025-07-02 15:48:20.264 INF] WebView2.LogWebView2Event(DiagnosticLogger:226) (1): WEBVIEW2: History - Saving to browsing history
[2025-07-02 15:48:20.402 INF] WebView2.LogWebView2Event(DiagnosticLogger:226) (1): WEBVIEW2: ContentFilter - Starting page content check
[2025-07-02 15:48:21.418 INF] WebView2.LogWebView2Event(DiagnosticLogger:226) (1): WEBVIEW2: UI - Status set to Ready
[2025-07-02 15:48:21.418 INF] WebView2.LogWebView2Event(DiagnosticLogger:226) (1): WEBVIEW2: NavigationCompleted - Event handling completed
[2025-07-02 15:48:30.836 INF] WebView2.LogWebView2Event(DiagnosticLogger:226) (1): WEBVIEW2: NavigationStarting - URL: https://www.google.com/search?q=fucking+ewbsite&sca_esv=f8b4fb4309dfaf24&source=hp&ei=M7dlaJTYFP_sptQPk8q2yAI&iflsig=AOw8s4IAAAAAaGXFQzsIv7Lg6NfI5-FUr1EoUhSizGJY&ved=0ahUKEwjUvaz1oJ-OAxV_tokEHROlDSkQ4dUDCBA&uact=5&oq=fucking+ewbsite&gs_lp=Egdnd3Mtd2l6Ig9mdWNraW5nIGV3YnNpdGVI4z1Q3BlY4jlwAXgAkAEAmAF5oAHVBqoBBDE0LjG4AQPIAQD4AQGYAgSgArkBqAIKwgIaEAAYgAQYtAIY1AMY5QIYtwMYigUY6gIYigPCAgoQABgDGOoCGI8BwgIREC4YgAQYkQIY0QMYxwEYigXCAgsQABiABBiRAhiKBcICERAuGIAEGLEDGNEDGIMBGMcBwgILEAAYgAQYsQMYgwHCAggQABiABBixA8ICDhAuGIAEGLEDGIMBGIoFwgILEC4YgAQYkQIYigXCAg0QLhiABBhDGNQCGIoFwgIKEAAYgAQYQxiKBcICDhAuGIAEGLEDGNEDGMcBwgIOEAAYgAQYsQMYgwEYigXCAgUQLhiABMICCBAuGIAEGLEDwgIFEAAYgASYAwbiAwUSATEgQPEFTbzVhiMRJjqSBwE0oAeOJ7IHATO4B7IBwgcFMC4yLjLIBw0&sclient=gws-wiz
[2025-07-02 15:48:30.839 INF] WebView2.LogWebView2Event(DiagnosticLogger:226) (1): WEBVIEW2: NavigationStarting - IsUserInitiated: True, IsRedirected: False
[2025-07-02 15:48:30.840 INF] WebView2.LogWebView2Event(DiagnosticLogger:226) (1): WEBVIEW2: UI - Loading overlay shown
[2025-07-02 15:48:30.856 INF] WebView2.LogWebView2Event(DiagnosticLogger:226) (1): WEBVIEW2: UI - Address bar updated
[2025-07-02 15:48:30.863 INF] WebView2.LogWebView2Event(DiagnosticLogger:226) (1): WEBVIEW2: ContentFilter - Navigation blocked - inappropriate URL content: https://www.google.com/search?q=fucking+ewbsite&sca_esv=f8b4fb4309dfaf24&source=hp&ei=M7dlaJTYFP_sptQPk8q2yAI&iflsig=AOw8s4IAAAAAaGXFQzsIv7Lg6NfI5-FUr1EoUhSizGJY&ved=0ahUKEwjUvaz1oJ-OAxV_tokEHROlDSkQ4dUDCBA&uact=5&oq=fucking+ewbsite&gs_lp=Egdnd3Mtd2l6Ig9mdWNraW5nIGV3YnNpdGVI4z1Q3BlY4jlwAXgAkAEAmAF5oAHVBqoBBDE0LjG4AQPIAQD4AQGYAgSgArkBqAIKwgIaEAAYgAQYtAIY1AMY5QIYtwMYigUY6gIYigPCAgoQABgDGOoCGI8BwgIREC4YgAQYkQIY0QMYxwEYigXCAgsQABiABBiRAhiKBcICERAuGIAEGLEDGNEDGIMBGMcBwgILEAAYgAQYsQMYgwHCAggQABiABBixA8ICDhAuGIAEGLEDGIMBGIoFwgILEC4YgAQYkQIYigXCAg0QLhiABBhDGNQCGIoFwgIKEAAYgAQYQxiKBcICDhAuGIAEGLEDGNEDGMcBwgIOEAAYgAQYsQMYgwEYigXCAgUQLhiABMICCBAuGIAEGLEDwgIFEAAYgASYAwbiAwUSATEgQPEFTbzVhiMRJjqSBwE0oAeOJ7IHATO4B7IBwgcFMC4yLjLIBw0&sclient=gws-wiz
[2025-07-02 15:48:30.920 INF] WebView2.LogWebView2Event(DiagnosticLogger:226) (1): WEBVIEW2: NavigationCompleted - IsSuccess: False
[2025-07-02 15:48:30.925 INF] WebView2.LogWebView2Event(DiagnosticLogger:226) (1): WEBVIEW2: NavigationCompleted - Final URL: https://www.google.com/
[2025-07-02 15:48:30.925 INF] WebView2.LogWebView2Event(DiagnosticLogger:226) (1): WEBVIEW2: NavigationCompleted - Document Title: Google
[2025-07-02 15:48:30.926 INF] WebView2.LogWebView2Event(DiagnosticLogger:226) (1): WEBVIEW2: UI - Loading overlay hidden
[2025-07-02 15:48:30.927 INF] WebView2.LogWebView2Event(DiagnosticLogger:226) (1): WEBVIEW2: NavigationCompleted - Navigation failed - WebErrorStatus: OperationCanceled
[2025-07-02 15:48:30.929 INF] WebView2.LogWebView2Event(DiagnosticLogger:226) (1): WEBVIEW2: NavigationCompleted - Navigation blocked by content filter - showing block overlay instead of error message
[2025-07-02 15:48:30.929 INF] WebView2.LogWebView2Event(DiagnosticLogger:226) (1): WEBVIEW2: NavigationCompleted - Event handling completed
[2025-07-02 15:48:46.637 INF] Window.LogWindowEvent(DiagnosticLogger:232) (1): WINDOW: Deactivated - Window deactivated
[2025-07-02 15:48:51.836 INF] Window.LogWindowEvent(DiagnosticLogger:232) (1): WINDOW: Activated - Window activated
[2025-07-02 15:49:04.979 INF] WebView2.LogWebView2Event(DiagnosticLogger:226) (1): WEBVIEW2: NavigationStarting - URL: https://www.google.com/search?q=porn+galleries&sca_esv=f8b4fb4309dfaf24&source=hp&ei=M7dlaJTYFP_sptQPk8q2yAI&iflsig=AOw8s4IAAAAAaGXFQzsIv7Lg6NfI5-FUr1EoUhSizGJY&ved=0ahUKEwjUvaz1oJ-OAxV_tokEHROlDSkQ4dUDCBA&uact=5&oq=porn+galleries&gs_lp=Egdnd3Mtd2l6Ig5wb3JuIGdhbGxlcmllc0j8FFAAWKETcAB4AJABAJgBmAGgAf8GqgEEMTIuMrgBA8gBAPgBAZgCBaAC5wPCAhAQLhiABBjRAxhDGMcBGIoFwgILEAAYgAQYkQIYigXCAgoQABiABBhDGIoFwgIOEAAYgAQYsQMYgwEYigXCAg4QLhiABBixAxiDARiKBcICCxAAGIAEGLEDGIMBwgIREC4YgAQYsQMY0QMYgwEYxwHCAg4QLhiABBixAxjRAxjHAcICChAuGIAEGEMYigXCAggQLhiABBixA8ICFBAuGIAEGLEDGIMBGMcBGIoFGK8BwgIUEC4YgAQYsQMY0QMYgwEYxwEYigXCAgsQLhiABBixAxjlBMICCBAAGIAEGLEDwgILEC4YgAQYsQMYgwHCAgUQABiABMICDhAAGIAEGLEDGIMBGMcDwgILEAAYgAQYsQMYxwPCAggQABiABBjHA8ICBBAAGAOYAwDiAwUSATEgQJIHAzMuMqAH8jiyBwMzLjK4B-cDwgcFMC40LjHIBww&sclient=gws-wiz
[2025-07-02 15:49:04.982 INF] WebView2.LogWebView2Event(DiagnosticLogger:226) (1): WEBVIEW2: NavigationStarting - IsUserInitiated: True, IsRedirected: False
[2025-07-02 15:49:04.985 INF] WebView2.LogWebView2Event(DiagnosticLogger:226) (1): WEBVIEW2: UI - Loading overlay shown
[2025-07-02 15:49:04.990 INF] WebView2.LogWebView2Event(DiagnosticLogger:226) (1): WEBVIEW2: UI - Address bar updated
[2025-07-02 15:49:04.990 INF] WebView2.LogWebView2Event(DiagnosticLogger:226) (1): WEBVIEW2: ContentFilter - Navigation blocked - inappropriate URL content: https://www.google.com/search?q=porn+galleries&sca_esv=f8b4fb4309dfaf24&source=hp&ei=M7dlaJTYFP_sptQPk8q2yAI&iflsig=AOw8s4IAAAAAaGXFQzsIv7Lg6NfI5-FUr1EoUhSizGJY&ved=0ahUKEwjUvaz1oJ-OAxV_tokEHROlDSkQ4dUDCBA&uact=5&oq=porn+galleries&gs_lp=Egdnd3Mtd2l6Ig5wb3JuIGdhbGxlcmllc0j8FFAAWKETcAB4AJABAJgBmAGgAf8GqgEEMTIuMrgBA8gBAPgBAZgCBaAC5wPCAhAQLhiABBjRAxhDGMcBGIoFwgILEAAYgAQYkQIYigXCAgoQABiABBhDGIoFwgIOEAAYgAQYsQMYgwEYigXCAg4QLhiABBixAxiDARiKBcICCxAAGIAEGLEDGIMBwgIREC4YgAQYsQMY0QMYgwEYxwHCAg4QLhiABBixAxjRAxjHAcICChAuGIAEGEMYigXCAggQLhiABBixA8ICFBAuGIAEGLEDGIMBGMcBGIoFGK8BwgIUEC4YgAQYsQMY0QMYgwEYxwEYigXCAgsQLhiABBixAxjlBMICCBAAGIAEGLEDwgILEC4YgAQYsQMYgwHCAgUQABiABMICDhAAGIAEGLEDGIMBGMcDwgILEAAYgAQYsQMYxwPCAggQABiABBjHA8ICBBAAGAOYAwDiAwUSATEgQJIHAzMuMqAH8jiyBwMzLjK4B-cDwgcFMC40LjHIBww&sclient=gws-wiz
[2025-07-02 15:49:05.048 INF] WebView2.LogWebView2Event(DiagnosticLogger:226) (1): WEBVIEW2: NavigationCompleted - IsSuccess: False
[2025-07-02 15:49:05.049 INF] WebView2.LogWebView2Event(DiagnosticLogger:226) (1): WEBVIEW2: NavigationCompleted - Final URL: https://www.google.com/
[2025-07-02 15:49:05.050 INF] WebView2.LogWebView2Event(DiagnosticLogger:226) (1): WEBVIEW2: NavigationCompleted - Document Title: Google
[2025-07-02 15:49:05.050 INF] WebView2.LogWebView2Event(DiagnosticLogger:226) (1): WEBVIEW2: UI - Loading overlay hidden
[2025-07-02 15:49:05.050 INF] WebView2.LogWebView2Event(DiagnosticLogger:226) (1): WEBVIEW2: NavigationCompleted - Navigation failed - WebErrorStatus: OperationCanceled
[2025-07-02 15:49:05.051 INF] WebView2.LogWebView2Event(DiagnosticLogger:226) (1): WEBVIEW2: NavigationCompleted - Navigation blocked by content filter - showing block overlay instead of error message
[2025-07-02 15:49:05.051 INF] WebView2.LogWebView2Event(DiagnosticLogger:226) (1): WEBVIEW2: NavigationCompleted - Event handling completed
[2025-07-02 15:49:24.281 INF] WebView2.LogWebView2Event(DiagnosticLogger:226) (1): WEBVIEW2: NavigationStarting - URL: https://www.google.com/search?q=women+breast&sca_esv=f8b4fb4309dfaf24&source=hp&ei=M7dlaJTYFP_sptQPk8q2yAI&iflsig=AOw8s4IAAAAAaGXFQzsIv7Lg6NfI5-FUr1EoUhSizGJY&ved=0ahUKEwjUvaz1oJ-OAxV_tokEHROlDSkQ4dUDCBA&uact=5&oq=women+breast&gs_lp=Egdnd3Mtd2l6Igx3b21lbiBicmVhc3QyBRAAGIAEMgUQABiABDIFEAAYgAQyBRAAGIAEMgUQABiABDIFEAAYgAQyBRAAGIAEMgUQABiABDIFEAAYgAQyBRAAGIAESIwhUABY9R9wAXgAkAEAmAFkoAHdBaoBBDEyLjG4AQPIAQD4AQGYAg6gAoAGwgILEAAYgAQYkQIYigXCAgsQABiABBixAxiDAcICERAuGIAEGLEDGNEDGIMBGMcBwgIOEC4YgAQYsQMYgwEYigXCAg4QLhiABBixAxjRAxjHAcICCBAAGIAEGLEDwgIQEAAYgAQYsQMYQxiDARiKBcICChAAGIAEGEMYigXCAg0QABiABBixAxhDGIoFwgILEC4YgAQYkQIYigXCAggQLhiABBixA8ICBRAuGIAEwgIREC4YgAQYsQMYgwEY1AIYigWYAwDiAwUSATEgQJIHBDEzLjGgB4l8sgcEMTIuMbgH_wXCBwYwLjEzLjHIBxw&sclient=gws-wiz
[2025-07-02 15:49:24.284 INF] WebView2.LogWebView2Event(DiagnosticLogger:226) (1): WEBVIEW2: NavigationStarting - IsUserInitiated: True, IsRedirected: False
[2025-07-02 15:49:24.286 INF] WebView2.LogWebView2Event(DiagnosticLogger:226) (1): WEBVIEW2: UI - Loading overlay shown
[2025-07-02 15:49:24.289 INF] WebView2.LogWebView2Event(DiagnosticLogger:226) (1): WEBVIEW2: UI - Address bar updated
[2025-07-02 15:49:24.290 INF] WebView2.LogWebView2Event(DiagnosticLogger:226) (1): WEBVIEW2: ContentFilter - Navigation blocked - inappropriate URL content: https://www.google.com/search?q=women+breast&sca_esv=f8b4fb4309dfaf24&source=hp&ei=M7dlaJTYFP_sptQPk8q2yAI&iflsig=AOw8s4IAAAAAaGXFQzsIv7Lg6NfI5-FUr1EoUhSizGJY&ved=0ahUKEwjUvaz1oJ-OAxV_tokEHROlDSkQ4dUDCBA&uact=5&oq=women+breast&gs_lp=Egdnd3Mtd2l6Igx3b21lbiBicmVhc3QyBRAAGIAEMgUQABiABDIFEAAYgAQyBRAAGIAEMgUQABiABDIFEAAYgAQyBRAAGIAEMgUQABiABDIFEAAYgAQyBRAAGIAESIwhUABY9R9wAXgAkAEAmAFkoAHdBaoBBDEyLjG4AQPIAQD4AQGYAg6gAoAGwgILEAAYgAQYkQIYigXCAgsQABiABBixAxiDAcICERAuGIAEGLEDGNEDGIMBGMcBwgIOEC4YgAQYsQMYgwEYigXCAg4QLhiABBixAxjRAxjHAcICCBAAGIAEGLEDwgIQEAAYgAQYsQMYQxiDARiKBcICChAAGIAEGEMYigXCAg0QABiABBixAxhDGIoFwgILEC4YgAQYkQIYigXCAggQLhiABBixA8ICBRAuGIAEwgIREC4YgAQYsQMYgwEY1AIYigWYAwDiAwUSATEgQJIHBDEzLjGgB4l8sgcEMTIuMbgH_wXCBwYwLjEzLjHIBxw&sclient=gws-wiz
[2025-07-02 15:49:24.356 INF] WebView2.LogWebView2Event(DiagnosticLogger:226) (1): WEBVIEW2: NavigationCompleted - IsSuccess: False
[2025-07-02 15:49:24.358 INF] WebView2.LogWebView2Event(DiagnosticLogger:226) (1): WEBVIEW2: NavigationCompleted - Final URL: https://www.google.com/
[2025-07-02 15:49:24.360 INF] WebView2.LogWebView2Event(DiagnosticLogger:226) (1): WEBVIEW2: NavigationCompleted - Document Title: Google
[2025-07-02 15:49:24.363 INF] WebView2.LogWebView2Event(DiagnosticLogger:226) (1): WEBVIEW2: UI - Loading overlay hidden
[2025-07-02 15:49:24.364 INF] WebView2.LogWebView2Event(DiagnosticLogger:226) (1): WEBVIEW2: NavigationCompleted - Navigation failed - WebErrorStatus: OperationCanceled
[2025-07-02 15:49:24.364 INF] WebView2.LogWebView2Event(DiagnosticLogger:226) (1): WEBVIEW2: NavigationCompleted - Navigation blocked by content filter - showing block overlay instead of error message
[2025-07-02 15:49:24.365 INF] WebView2.LogWebView2Event(DiagnosticLogger:226) (1): WEBVIEW2: NavigationCompleted - Event handling completed
[2025-07-02 15:49:30.559 INF] WebView2.LogWebView2Event(DiagnosticLogger:226) (1): WEBVIEW2: NavigationStarting - URL: https://www.google.com/search?q=women+breastfeeding&sca_esv=f8b4fb4309dfaf24&source=hp&ei=M7dlaJTYFP_sptQPk8q2yAI&iflsig=AOw8s4IAAAAAaGXFQzsIv7Lg6NfI5-FUr1EoUhSizGJY&ved=0ahUKEwjUvaz1oJ-OAxV_tokEHROlDSkQ4dUDCBA&uact=5&oq=women+breast&gs_lp=Egdnd3Mtd2l6Igx3b21lbiBicmVhc3QqAggASABQAFgAcAB4AJABAJgBAKABAKoBALgBA8gBAJgCAKACAJgDAJIHAKAHALIHALgHAMIHAMgHAA&sclient=gws-wiz
[2025-07-02 15:49:30.580 INF] WebView2.LogWebView2Event(DiagnosticLogger:226) (1): WEBVIEW2: NavigationStarting - IsUserInitiated: True, IsRedirected: False
[2025-07-02 15:49:30.581 INF] WebView2.LogWebView2Event(DiagnosticLogger:226) (1): WEBVIEW2: UI - Loading overlay shown
[2025-07-02 15:49:30.583 INF] WebView2.LogWebView2Event(DiagnosticLogger:226) (1): WEBVIEW2: UI - Address bar updated
[2025-07-02 15:49:30.583 INF] WebView2.LogWebView2Event(DiagnosticLogger:226) (1): WEBVIEW2: ContentFilter - Navigation blocked - inappropriate URL content: https://www.google.com/search?q=women+breastfeeding&sca_esv=f8b4fb4309dfaf24&source=hp&ei=M7dlaJTYFP_sptQPk8q2yAI&iflsig=AOw8s4IAAAAAaGXFQzsIv7Lg6NfI5-FUr1EoUhSizGJY&ved=0ahUKEwjUvaz1oJ-OAxV_tokEHROlDSkQ4dUDCBA&uact=5&oq=women+breast&gs_lp=Egdnd3Mtd2l6Igx3b21lbiBicmVhc3QqAggASABQAFgAcAB4AJABAJgBAKABAKoBALgBA8gBAJgCAKACAJgDAJIHAKAHALIHALgHAMIHAMgHAA&sclient=gws-wiz
[2025-07-02 15:49:30.641 INF] WebView2.LogWebView2Event(DiagnosticLogger:226) (1): WEBVIEW2: NavigationCompleted - IsSuccess: False
[2025-07-02 15:49:30.642 INF] WebView2.LogWebView2Event(DiagnosticLogger:226) (1): WEBVIEW2: NavigationCompleted - Final URL: https://www.google.com/
[2025-07-02 15:49:30.644 INF] WebView2.LogWebView2Event(DiagnosticLogger:226) (1): WEBVIEW2: NavigationCompleted - Document Title: Google
[2025-07-02 15:49:30.645 INF] WebView2.LogWebView2Event(DiagnosticLogger:226) (1): WEBVIEW2: UI - Loading overlay hidden
[2025-07-02 15:49:30.647 INF] WebView2.LogWebView2Event(DiagnosticLogger:226) (1): WEBVIEW2: NavigationCompleted - Navigation failed - WebErrorStatus: OperationCanceled
[2025-07-02 15:49:30.648 INF] WebView2.LogWebView2Event(DiagnosticLogger:226) (1): WEBVIEW2: NavigationCompleted - Navigation blocked by content filter - showing block overlay instead of error message
[2025-07-02 15:49:30.648 INF] WebView2.LogWebView2Event(DiagnosticLogger:226) (1): WEBVIEW2: NavigationCompleted - Event handling completed
[2025-07-02 15:49:49.294 INF] Window.LogWindowEvent(DiagnosticLogger:232) (1): WINDOW: Deactivated - Window deactivated
[2025-07-02 15:49:53.897 INF] Window.LogWindowEvent(DiagnosticLogger:232) (1): WINDOW: Activated - Window activated
[2025-07-02 15:50:18.426 INF] Window.LogWindowEvent(DiagnosticLogger:232) (1): WINDOW: Deactivated - Window deactivated
[2025-07-02 15:50:20.634 INF] Window.LogWindowEvent(DiagnosticLogger:232) (1): WINDOW: Activated - Window activated
[2025-07-02 15:51:04.580 INF] WebView2.LogWebView2Event(DiagnosticLogger:226) (1): WEBVIEW2: NavigationStarting - URL: https://www.google.com/search?q=adult+gallery&sca_esv=f8b4fb4309dfaf24&source=hp&ei=M7dlaJTYFP_sptQPk8q2yAI&iflsig=AOw8s4IAAAAAaGXFQzsIv7Lg6NfI5-FUr1EoUhSizGJY&ved=0ahUKEwjUvaz1oJ-OAxV_tokEHROlDSkQ4dUDCBA&uact=5&oq=adult+gallery&gs_lp=Egdnd3Mtd2l6Ig1hZHVsdCBnYWxsZXJ5SLjKAlCDtAJYlccCcAF4AJABAJgBnAGgAbQIqgEEMTMuMbgBA8gBAPgBAZgCDKAC7QbCAgUQABiABMICEBAAGIAEGJECGIoFGEYY-QHCAgsQABiABBiRAhiKBcICERAuGIAEGLEDGNEDGIMBGMcBwgIOEAAYgAQYsQMYgwEYigXCAgsQABiABBixAxiDAcICCxAuGIAEGNEDGMcBwgILEC4YgAQYsQMYgwHCAhEQLhiABBiRAhjRAxjHARiKBcICChAAGIAEGEMYigXCAggQLhiABBixA8ICExAuGIAEGLEDGNEDGEMYxwEYigXCAg4QLhiABBixAxiDARiKBcICERAAGIAEGJECGLEDGMkDGIoFwgILEAAYgAQYkgMYigXCAggQABiABBixA8ICCxAuGIAEGMcBGK8BwgIFEC4YgATCAgcQABiABBgKwgIGEAAYFhgemAMA4gMFEgExIECSBwQxMS4xoAedd7IHBDEwLjG4B-sGwgcGMC4xMC4yyAcb&sclient=gws-wiz
[2025-07-02 15:51:04.589 INF] WebView2.LogWebView2Event(DiagnosticLogger:226) (1): WEBVIEW2: NavigationStarting - IsUserInitiated: True, IsRedirected: False
[2025-07-02 15:51:04.592 INF] WebView2.LogWebView2Event(DiagnosticLogger:226) (1): WEBVIEW2: UI - Loading overlay shown
[2025-07-02 15:51:04.595 INF] WebView2.LogWebView2Event(DiagnosticLogger:226) (1): WEBVIEW2: UI - Address bar updated
[2025-07-02 15:51:04.595 INF] WebView2.LogWebView2Event(DiagnosticLogger:226) (1): WEBVIEW2: ContentFilter - Navigation blocked - inappropriate URL content: https://www.google.com/search?q=adult+gallery&sca_esv=f8b4fb4309dfaf24&source=hp&ei=M7dlaJTYFP_sptQPk8q2yAI&iflsig=AOw8s4IAAAAAaGXFQzsIv7Lg6NfI5-FUr1EoUhSizGJY&ved=0ahUKEwjUvaz1oJ-OAxV_tokEHROlDSkQ4dUDCBA&uact=5&oq=adult+gallery&gs_lp=Egdnd3Mtd2l6Ig1hZHVsdCBnYWxsZXJ5SLjKAlCDtAJYlccCcAF4AJABAJgBnAGgAbQIqgEEMTMuMbgBA8gBAPgBAZgCDKAC7QbCAgUQABiABMICEBAAGIAEGJECGIoFGEYY-QHCAgsQABiABBiRAhiKBcICERAuGIAEGLEDGNEDGIMBGMcBwgIOEAAYgAQYsQMYgwEYigXCAgsQABiABBixAxiDAcICCxAuGIAEGNEDGMcBwgILEC4YgAQYsQMYgwHCAhEQLhiABBiRAhjRAxjHARiKBcICChAAGIAEGEMYigXCAggQLhiABBixA8ICExAuGIAEGLEDGNEDGEMYxwEYigXCAg4QLhiABBixAxiDARiKBcICERAAGIAEGJECGLEDGMkDGIoFwgILEAAYgAQYkgMYigXCAggQABiABBixA8ICCxAuGIAEGMcBGK8BwgIFEC4YgATCAgcQABiABBgKwgIGEAAYFhgemAMA4gMFEgExIECSBwQxMS4xoAedd7IHBDEwLjG4B-sGwgcGMC4xMC4yyAcb&sclient=gws-wiz
[2025-07-02 15:51:04.674 INF] WebView2.LogWebView2Event(DiagnosticLogger:226) (1): WEBVIEW2: NavigationCompleted - IsSuccess: False
[2025-07-02 15:51:04.675 INF] WebView2.LogWebView2Event(DiagnosticLogger:226) (1): WEBVIEW2: NavigationCompleted - Final URL: https://www.google.com/
[2025-07-02 15:51:04.676 INF] WebView2.LogWebView2Event(DiagnosticLogger:226) (1): WEBVIEW2: NavigationCompleted - Document Title: Google
[2025-07-02 15:51:04.677 INF] WebView2.LogWebView2Event(DiagnosticLogger:226) (1): WEBVIEW2: UI - Loading overlay hidden
[2025-07-02 15:51:04.678 INF] WebView2.LogWebView2Event(DiagnosticLogger:226) (1): WEBVIEW2: NavigationCompleted - Navigation failed - WebErrorStatus: OperationCanceled
[2025-07-02 15:51:04.679 INF] WebView2.LogWebView2Event(DiagnosticLogger:226) (1): WEBVIEW2: NavigationCompleted - Navigation blocked by content filter - showing block overlay instead of error message
[2025-07-02 15:51:04.679 INF] WebView2.LogWebView2Event(DiagnosticLogger:226) (1): WEBVIEW2: NavigationCompleted - Event handling completed
[2025-07-02 15:51:09.516 INF] Window.LogWindowEvent(DiagnosticLogger:232) (1): WINDOW: Deactivated - Window deactivated
[2025-07-02 15:51:20.479 INF] Window.LogWindowEvent(DiagnosticLogger:232) (1): WINDOW: Activated - Window activated
[2025-07-02 15:51:24.234 INF] Window.LogWindowEvent(DiagnosticLogger:232) (1): WINDOW: Deactivated - Window deactivated
[2025-07-02 15:53:03.510 INF] Window.LogWindowEvent(DiagnosticLogger:232) (1): WINDOW: Activated - Window activated
[2025-07-02 15:53:17.509 INF] WebView2.LogWebView2Event(DiagnosticLogger:226) (1): WEBVIEW2: NavigationStarting - URL: https://www.bing.com/search?q=nsfw-model.onnx%2Btest%2Bnude%2Bimage&FORM=HDRSC1&adlt=strict
[2025-07-02 15:53:17.547 INF] WebView2.LogWebView2Event(DiagnosticLogger:226) (1): WEBVIEW2: NavigationStarting - IsUserInitiated: True, IsRedirected: False
[2025-07-02 15:53:17.550 INF] WebView2.LogWebView2Event(DiagnosticLogger:226) (1): WEBVIEW2: UI - Loading overlay shown
[2025-07-02 15:53:17.553 INF] WebView2.LogWebView2Event(DiagnosticLogger:226) (1): WEBVIEW2: UI - Address bar updated
[2025-07-02 15:53:17.553 INF] WebView2.LogWebView2Event(DiagnosticLogger:226) (1): WEBVIEW2: ContentFilter - Navigation blocked - inappropriate URL content: https://www.bing.com/search?q=nsfw-model.onnx%2Btest%2Bnude%2Bimage&FORM=HDRSC1&adlt=strict
[2025-07-02 15:53:17.630 INF] WebView2.LogWebView2Event(DiagnosticLogger:226) (1): WEBVIEW2: NavigationCompleted - IsSuccess: False
[2025-07-02 15:53:17.632 INF] WebView2.LogWebView2Event(DiagnosticLogger:226) (1): WEBVIEW2: NavigationCompleted - Final URL: https://www.google.com/
[2025-07-02 15:53:17.633 INF] WebView2.LogWebView2Event(DiagnosticLogger:226) (1): WEBVIEW2: NavigationCompleted - Document Title: Google
[2025-07-02 15:53:17.637 INF] WebView2.LogWebView2Event(DiagnosticLogger:226) (1): WEBVIEW2: UI - Loading overlay hidden
[2025-07-02 15:53:17.638 INF] WebView2.LogWebView2Event(DiagnosticLogger:226) (1): WEBVIEW2: NavigationCompleted - Navigation failed - WebErrorStatus: OperationCanceled
[2025-07-02 15:53:17.638 INF] WebView2.LogWebView2Event(DiagnosticLogger:226) (1): WEBVIEW2: NavigationCompleted - Navigation blocked by content filter - showing block overlay instead of error message
[2025-07-02 15:53:17.639 INF] WebView2.LogWebView2Event(DiagnosticLogger:226) (1): WEBVIEW2: NavigationCompleted - Event handling completed
[2025-07-02 15:53:23.593 INF] WebView2.LogWebView2Event(DiagnosticLogger:226) (1): WEBVIEW2: NavigationStarting - URL: https://www.bing.com/search?q=nsfw-model.onnx%2Btest%2Bnude%2Bimage&FORM=HDRSC1&adlt=strict
[2025-07-02 15:53:23.611 INF] WebView2.LogWebView2Event(DiagnosticLogger:226) (1): WEBVIEW2: NavigationStarting - IsUserInitiated: True, IsRedirected: False
[2025-07-02 15:53:23.613 INF] WebView2.LogWebView2Event(DiagnosticLogger:226) (1): WEBVIEW2: UI - Loading overlay shown
[2025-07-02 15:53:23.613 INF] WebView2.LogWebView2Event(DiagnosticLogger:226) (1): WEBVIEW2: UI - Address bar updated
[2025-07-02 15:53:23.613 INF] WebView2.LogWebView2Event(DiagnosticLogger:226) (1): WEBVIEW2: ContentFilter - Navigation blocked - inappropriate URL content: https://www.bing.com/search?q=nsfw-model.onnx%2Btest%2Bnude%2Bimage&FORM=HDRSC1&adlt=strict
[2025-07-02 15:53:23.750 INF] WebView2.LogWebView2Event(DiagnosticLogger:226) (1): WEBVIEW2: NavigationCompleted - IsSuccess: False
[2025-07-02 15:53:23.760 INF] WebView2.LogWebView2Event(DiagnosticLogger:226) (1): WEBVIEW2: NavigationCompleted - Final URL: https://www.google.com/
[2025-07-02 15:53:23.760 INF] WebView2.LogWebView2Event(DiagnosticLogger:226) (1): WEBVIEW2: NavigationCompleted - Document Title: Google
[2025-07-02 15:53:23.761 INF] WebView2.LogWebView2Event(DiagnosticLogger:226) (1): WEBVIEW2: UI - Loading overlay hidden
[2025-07-02 15:53:23.761 INF] WebView2.LogWebView2Event(DiagnosticLogger:226) (1): WEBVIEW2: NavigationCompleted - Navigation failed - WebErrorStatus: OperationCanceled
[2025-07-02 15:53:23.761 INF] WebView2.LogWebView2Event(DiagnosticLogger:226) (1): WEBVIEW2: NavigationCompleted - Navigation blocked by content filter - showing block overlay instead of error message
[2025-07-02 15:53:23.762 INF] WebView2.LogWebView2Event(DiagnosticLogger:226) (1): WEBVIEW2: NavigationCompleted - Event handling completed
[2025-07-02 15:53:26.357 INF] Window.LogWindowEvent(DiagnosticLogger:232) (1): WINDOW: IsVisibleChanged - Visible: False
[2025-07-02 15:53:26.362 INF] Window.LogWindowEvent(DiagnosticLogger:232) (1): WINDOW: Deactivated - Window deactivated
[2025-07-02 15:53:26.395 INF] Startup.LogStartupStep(DiagnosticLogger:220) (1): STARTUP: Application exiting - Exit code: 0
[2025-07-02 15:53:26.396 INF] DiagnosticLogger.Shutdown(DiagnosticLogger:241) (1): Shutting down logging system
