[2025-07-02 15:40:24.472 INF] DiagnosticLogger.Initialize(DiagnosticLogger:56) (1): Logging system initialized successfully
[2025-07-02 15:40:24.511 INF] DiagnosticLogger.Initialize(DiagnosticLogger:57) (1): Log file: C:\Users\Administrator\Documents\Noor-Ahlyebait-PC\NoorAhlulBayt.Browser\bin\Debug\net9.0-windows\Logs\NoorAhlulBayt.Browser_20250702_154024.log
[2025-07-02 15:40:24.511 INF] DiagnosticLogger.Initialize(DiagnosticLogger:58) (1): Application: NoorAhlulBayt.Browser
[2025-07-02 15:40:24.511 INF] DiagnosticLogger.Initialize(DiagnosticLogger:59) (1): Process ID: 10040
[2025-07-02 15:40:24.512 INF] DiagnosticLogger.Initialize(DiagnosticLogger:60) (1): Thread ID: 1
[2025-07-02 15:40:24.512 INF] DiagnosticLogger.Initialize(DiagnosticLogger:61) (1): Working Directory: C:\Users\Administrator\Documents\Noor-Ahlyebait-PC\NoorAhlulBayt.Browser\bin\Debug\net9.0-windows
[2025-07-02 15:40:24.512 INF] DiagnosticLogger.Initialize(DiagnosticLogger:62) (1): Base Directory: C:\Users\Administrator\Documents\Noor-Ahlyebait-PC\NoorAhlulBayt.Browser\bin\Debug\net9.0-windows\
[2025-07-02 15:40:24.579 INF] DiagnosticLogger.CreateDebugConsole(DiagnosticLogger:103) (1): Debug console window created successfully
[2025-07-02 15:40:24.580 INF] Startup.LogStartupStep(DiagnosticLogger:220) (1): STARTUP: Application starting - Arguments: 
[2025-07-02 15:40:24.580 INF] Startup.LogStartupStep(DiagnosticLogger:220) (1): STARTUP: CLR Version - 9.0.6
[2025-07-02 15:40:24.580 INF] Startup.LogStartupStep(DiagnosticLogger:220) (1): STARTUP: OS Version - Microsoft Windows NT 10.0.20348.0
[2025-07-02 15:40:24.580 INF] Startup.LogStartupStep(DiagnosticLogger:220) (1): STARTUP: Machine Name - COPY-OF-VM-2022
[2025-07-02 15:40:24.582 INF] Startup.LogStartupStep(DiagnosticLogger:220) (1): STARTUP: User Name - Administrator
[2025-07-02 15:40:24.582 INF] Startup.LogStartupStep(DiagnosticLogger:220) (1): STARTUP: Is 64-bit Process - True
[2025-07-02 15:40:24.583 INF] Startup.LogStartupStep(DiagnosticLogger:220) (1): STARTUP: Is 64-bit OS - True
[2025-07-02 15:40:24.596 INF] Startup.LogStartupStep(DiagnosticLogger:220) (1): STARTUP: Exception handlers registered
[2025-07-02 15:40:24.603 INF] Startup.LogStartupStep(DiagnosticLogger:220) (1): STARTUP: Base startup completed
[2025-07-02 15:40:24.627 INF] Startup.LogStartupStep(DiagnosticLogger:220) (1): STARTUP: MainWindow constructor started
[2025-07-02 15:40:24.627 INF] Window.LogWindowEvent(DiagnosticLogger:232) (1): WINDOW: Constructor - Initializing MainWindow
[2025-07-02 15:40:24.627 INF] Startup.LogStartupStep(DiagnosticLogger:220) (1): STARTUP: Calling InitializeComponent
[2025-07-02 15:40:24.981 INF] Startup.LogStartupStep(DiagnosticLogger:220) (1): STARTUP: InitializeComponent completed
[2025-07-02 15:40:24.986 INF] Window.LogWindowEvent(DiagnosticLogger:232) (1): WINDOW: Window Properties - Title: Noor-e-AhlulBayt Islamic Browser, Width: 1200, Height: 800
[2025-07-02 15:40:24.988 INF] Window.LogWindowEvent(DiagnosticLogger:232) (1): WINDOW: Window State - WindowState: Normal, Visibility: Collapsed
[2025-07-02 15:40:24.988 INF] Startup.LogStartupStep(DiagnosticLogger:220) (1): STARTUP: Initializing HttpClient
[2025-07-02 15:40:24.991 INF] Startup.LogStartupStep(DiagnosticLogger:220) (1): STARTUP: HttpClient initialized
[2025-07-02 15:40:24.991 INF] Startup.LogStartupStep(DiagnosticLogger:220) (1): STARTUP: Configuring database context
[2025-07-02 15:40:25.094 INF] Startup.LogStartupStep(DiagnosticLogger:220) (1): STARTUP: Database context configured - Connection: Data Source=noor_browser.db
[2025-07-02 15:40:25.095 INF] Startup.LogStartupStep(DiagnosticLogger:220) (1): STARTUP: Initializing ContentFilterService
[2025-07-02 15:40:25.152 INF] Startup.LogStartupStep(DiagnosticLogger:220) (1): STARTUP: ContentFilterService initialized - NSFW Model: Loaded
[2025-07-02 15:40:25.152 INF] Startup.LogStartupStep(DiagnosticLogger:220) (1): STARTUP: Initializing PrayerTimeService
[2025-07-02 15:40:25.153 INF] Startup.LogStartupStep(DiagnosticLogger:220) (1): STARTUP: PrayerTimeService initialized
[2025-07-02 15:40:25.153 INF] Startup.LogStartupStep(DiagnosticLogger:220) (1): STARTUP: Initializing WebViewContentFilterService
[2025-07-02 15:40:25.153 INF] Startup.LogStartupStep(DiagnosticLogger:220) (1): STARTUP: WebViewContentFilterService initialized
[2025-07-02 15:40:25.153 INF] Startup.LogStartupStep(DiagnosticLogger:220) (1): STARTUP: Setting up prayer timer
[2025-07-02 15:40:25.155 INF] Startup.LogStartupStep(DiagnosticLogger:220) (1): STARTUP: Prayer timer started - Interval: 60 seconds
[2025-07-02 15:40:25.155 INF] Startup.LogStartupStep(DiagnosticLogger:220) (1): STARTUP: Registering Loaded event handler
[2025-07-02 15:40:25.155 INF] Startup.LogStartupStep(DiagnosticLogger:220) (1): STARTUP: MainWindow constructor completed successfully
[2025-07-02 15:40:25.188 INF] Window.LogWindowEvent(DiagnosticLogger:232) (1): WINDOW: LocationChanged - New location: 168, 12
[2025-07-02 15:40:25.196 INF] Window.LogWindowEvent(DiagnosticLogger:232) (1): WINDOW: IsVisibleChanged - Visible: True
[2025-07-02 15:40:25.419 INF] Window.LogWindowEvent(DiagnosticLogger:232) (1): WINDOW: SizeChanged - New size: 1200x800
[2025-07-02 15:40:25.434 INF] Window.LogWindowEvent(DiagnosticLogger:232) (1): WINDOW: Activated - Window activated
[2025-07-02 15:40:25.469 INF] Window.LogWindowEvent(DiagnosticLogger:232) (1): WINDOW: Loaded - MainWindow loaded event triggered
[2025-07-02 15:40:25.469 INF] Window.LogWindowEvent(DiagnosticLogger:232) (1): WINDOW: Window State - ActualWidth: 1200, ActualHeight: 800
[2025-07-02 15:40:25.470 INF] Window.LogWindowEvent(DiagnosticLogger:232) (1): WINDOW: Window State - IsVisible: True, IsActive: True
[2025-07-02 15:40:25.471 INF] Window.LogWindowEvent(DiagnosticLogger:232) (1): WINDOW: Window State - WindowState: Normal, Topmost: False
[2025-07-02 15:40:25.472 INF] Startup.LogStartupStep(DiagnosticLogger:220) (1): STARTUP: InitializeBrowser started
[2025-07-02 15:40:25.472 INF] Startup.LogStartupStep(DiagnosticLogger:220) (1): STARTUP: Creating database if needed
[2025-07-02 15:40:25.866 INF] Startup.LogStartupStep(DiagnosticLogger:220) (1): STARTUP: Database creation completed
[2025-07-02 15:40:25.868 INF] Startup.LogStartupStep(DiagnosticLogger:220) (1): STARTUP: Loading profile and settings
[2025-07-02 15:40:26.176 INF] Startup.LogStartupStep(DiagnosticLogger:220) (1): STARTUP: Profile and settings loaded
[2025-07-02 15:40:26.176 INF] WebView2.LogWebView2Event(DiagnosticLogger:226) (1): WEBVIEW2: Checking WebView2 availability
[2025-07-02 15:40:26.183 INF] WebView2.LogWebView2Event(DiagnosticLogger:226) (1): WEBVIEW2: WebView2 version available - 138.0.3351.65
[2025-07-02 15:40:26.183 INF] WebView2.LogWebView2Event(DiagnosticLogger:226) (1): WEBVIEW2: Initializing WebView2 core
[2025-07-02 15:40:26.183 INF] WebView2.LogWebView2Event(DiagnosticLogger:226) (1): WEBVIEW2: WebView2 control state - IsLoaded: True, Visibility: Visible
[2025-07-02 15:40:26.915 INF] WebView2.LogWebView2Event(DiagnosticLogger:226) (1): WEBVIEW2: WebView2 core initialized
[2025-07-02 15:40:27.113 INF] WebView2.LogWebView2Event(DiagnosticLogger:226) (1): WEBVIEW2: WebView2 environment - BrowserVersionString: 138.0.3351.65
[2025-07-02 15:40:27.248 INF] WebView2.LogWebView2Event(DiagnosticLogger:226) (1): WEBVIEW2: WebView2 environment - UserDataFolder: C:\Users\Administrator\Documents\Noor-Ahlyebait-PC\NoorAhlulBayt.Browser\bin\Debug\net9.0-windows\NoorAhlulBayt.Browser.exe.WebView2
[2025-07-02 15:40:27.249 INF] WebView2.LogWebView2Event(DiagnosticLogger:226) (1): WEBVIEW2: Configuring WebView2 settings
[2025-07-02 15:40:27.250 INF] WebView2.LogWebView2Event(DiagnosticLogger:226) (1): WEBVIEW2: ConfigureWebView - Starting WebView2 configuration
[2025-07-02 15:40:27.256 INF] WebView2.LogWebView2Event(DiagnosticLogger:226) (1): WEBVIEW2: ConfigureWebView - Retrieved WebView2 settings
[2025-07-02 15:40:27.257 INF] WebView2.LogWebView2Event(DiagnosticLogger:226) (1): WEBVIEW2: ConfigureWebView - Configuring security settings
[2025-07-02 15:40:27.258 INF] WebView2.LogWebView2Event(DiagnosticLogger:226) (1): WEBVIEW2: ConfigureWebView - Security settings configured
[2025-07-02 15:40:27.260 INF] WebView2.LogWebView2Event(DiagnosticLogger:226) (1): WEBVIEW2: ConfigureWebView - Configuring content settings
[2025-07-02 15:40:27.260 INF] WebView2.LogWebView2Event(DiagnosticLogger:226) (1): WEBVIEW2: ConfigureWebView - Content settings configured
[2025-07-02 15:40:27.290 INF] WebView2.LogWebView2Event(DiagnosticLogger:226) (1): WEBVIEW2: ConfigureWebView - Setting up content filtering
[2025-07-02 15:40:27.294 INF] WebView2.LogWebView2Event(DiagnosticLogger:226) (1): WEBVIEW2: ConfigureWebView - Content filtering configured
[2025-07-02 15:40:27.304 INF] WebView2.LogWebView2Event(DiagnosticLogger:226) (1): WEBVIEW2: ConfigureWebView - Initializing advanced content filtering
[2025-07-02 15:40:27.318 INF] WebView2.LogWebView2Event(DiagnosticLogger:226) (1): WEBVIEW2: ConfigureWebView - Advanced content filtering initialized successfully
[2025-07-02 15:40:27.321 INF] WebView2.LogWebView2Event(DiagnosticLogger:226) (1): WEBVIEW2: ConfigureWebView - Skipping DOMContentLoaded event to prevent styling interference
[2025-07-02 15:40:27.322 INF] WebView2.LogWebView2Event(DiagnosticLogger:226) (1): WEBVIEW2: ConfigureWebView - Setting up new window handling
[2025-07-02 15:40:27.323 INF] WebView2.LogWebView2Event(DiagnosticLogger:226) (1): WEBVIEW2: ConfigureWebView - WebView2 configuration completed successfully
[2025-07-02 15:40:27.323 INF] WebView2.LogWebView2Event(DiagnosticLogger:226) (1): WEBVIEW2: WebView2 settings configured
[2025-07-02 15:40:27.323 INF] WebView2.LogWebView2Event(DiagnosticLogger:226) (1): WEBVIEW2: Navigating to home page - https://www.google.com
[2025-07-02 15:40:27.325 INF] Startup.LogStartupStep(DiagnosticLogger:220) (1): STARTUP: Updating prayer time display
[2025-07-02 15:40:27.331 INF] Startup.LogStartupStep(DiagnosticLogger:220) (1): STARTUP: Prayer time display updated
[2025-07-02 15:40:27.333 INF] Startup.LogStartupStep(DiagnosticLogger:220) (1): STARTUP: Updating status bar
[2025-07-02 15:40:27.334 INF] Startup.LogStartupStep(DiagnosticLogger:220) (1): STARTUP: Status bar updated
[2025-07-02 15:40:27.334 INF] Startup.LogStartupStep(DiagnosticLogger:220) (1): STARTUP: InitializeBrowser completed successfully
[2025-07-02 15:40:27.335 INF] Window.LogWindowEvent(DiagnosticLogger:232) (1): WINDOW: Loaded - MainWindow loaded event completed successfully
[2025-07-02 15:40:27.340 INF] WebView2.LogWebView2Event(DiagnosticLogger:226) (1): WEBVIEW2: NavigationStarting - URL: https://www.google.com/
[2025-07-02 15:40:27.360 INF] WebView2.LogWebView2Event(DiagnosticLogger:226) (1): WEBVIEW2: NavigationStarting - IsUserInitiated: True, IsRedirected: False
[2025-07-02 15:40:27.361 INF] WebView2.LogWebView2Event(DiagnosticLogger:226) (1): WEBVIEW2: UI - Loading overlay shown
[2025-07-02 15:40:27.386 INF] WebView2.LogWebView2Event(DiagnosticLogger:226) (1): WEBVIEW2: UI - Address bar updated
[2025-07-02 15:40:27.441 INF] WebView2.LogWebView2Event(DiagnosticLogger:226) (1): WEBVIEW2: UI - Status text updated
[2025-07-02 15:40:27.474 INF] WebView2.LogWebView2Event(DiagnosticLogger:226) (1): WEBVIEW2: NavigationStarting - Completed successfully
[2025-07-02 15:40:29.163 INF] WebView2.LogWebView2Event(DiagnosticLogger:226) (1): WEBVIEW2: NavigationCompleted - IsSuccess: True
[2025-07-02 15:40:29.194 INF] WebView2.LogWebView2Event(DiagnosticLogger:226) (1): WEBVIEW2: NavigationCompleted - Final URL: https://www.google.com/
[2025-07-02 15:40:29.197 INF] WebView2.LogWebView2Event(DiagnosticLogger:226) (1): WEBVIEW2: NavigationCompleted - Document Title: Google
[2025-07-02 15:40:29.198 INF] WebView2.LogWebView2Event(DiagnosticLogger:226) (1): WEBVIEW2: UI - Loading overlay hidden
[2025-07-02 15:40:29.199 INF] WebView2.LogWebView2Event(DiagnosticLogger:226) (1): WEBVIEW2: NavigationCompleted - Navigation successful
[2025-07-02 15:40:29.199 INF] WebView2.LogWebView2Event(DiagnosticLogger:226) (1): WEBVIEW2: CSS - Skipping CSS injection to prevent web page styling interference
[2025-07-02 15:40:29.206 INF] WebView2.LogWebView2Event(DiagnosticLogger:226) (1): WEBVIEW2: UI - Navigation buttons updated - Back: False, Forward: False
[2025-07-02 15:40:29.206 INF] WebView2.LogWebView2Event(DiagnosticLogger:226) (1): WEBVIEW2: UI - Address bar updated with final URL
[2025-07-02 15:40:29.207 INF] WebView2.LogWebView2Event(DiagnosticLogger:226) (1): WEBVIEW2: History - Saving to browsing history
[2025-07-02 15:40:29.367 INF] WebView2.LogWebView2Event(DiagnosticLogger:226) (1): WEBVIEW2: ContentFilter - Starting page content check
[2025-07-02 15:40:30.375 INF] WebView2.LogWebView2Event(DiagnosticLogger:226) (1): WEBVIEW2: UI - Status set to Ready
[2025-07-02 15:40:30.375 INF] WebView2.LogWebView2Event(DiagnosticLogger:226) (1): WEBVIEW2: NavigationCompleted - Event handling completed
[2025-07-02 15:40:35.968 INF] WebView2.LogWebView2Event(DiagnosticLogger:226) (1): WEBVIEW2: NavigationStarting - URL: https://www.google.com/search?q=adult+enterinatement&sca_esv=bff18f20069c09c1&source=hp&ei=W7VlaP2eKsWqptQPh4iyyAM&iflsig=AOw8s4IAAAAAaGXDa_WXb2L-tkHKDGyMTlrI-kciUbRt&ved=0ahUKEwi9uLmUn5-OAxVFlYkEHQeEDDkQ4dUDCBA&uact=5&oq=adult+enterinatement&gs_lp=Egdnd3Mtd2l6IhRhZHVsdCBlbnRlcmluYXRlbWVudEjBLlCNE1jPLXABeACQAQCYAW6gAdgJqgEEMTkuMbgBA8gBAPgBAZgCDKAC0AWoAgrCAgoQABgDGOoCGI8BwgIKEC4YAxjqAhiPAcICChAAGIAEGEMYigXCAhEQLhiABBixAxjRAxiDARjHAcICDhAAGIAEGLEDGIMBGIoFwgILEAAYgAQYsQMYgwHCAhAQLhiABBjRAxhDGMcBGIoFwgIOEC4YgAQYsQMY0QMYxwHCAhAQLhiABBhDGMcBGIoFGK8BwgIIEC4YgAQYsQPCAg4QLhiABBixAxiDARiKBcICFhAuGIAEGLEDGNEDGEMYgwEYxwEYigXCAggQABiABBixA8ICBRAuGIAEwgINEAAYgAQYsQMYQxiKBcICBRAAGIAEwgIFECEYoAHCAgcQABiABBgNmAMI8QU2eI8Qr3-mDJIHBDExLjGgB5ZZsgcEMTAuMbgHxwXCBwUxLjkuMsgHGA&sclient=gws-wiz
[2025-07-02 15:40:35.970 INF] WebView2.LogWebView2Event(DiagnosticLogger:226) (1): WEBVIEW2: NavigationStarting - IsUserInitiated: True, IsRedirected: False
[2025-07-02 15:40:35.973 INF] WebView2.LogWebView2Event(DiagnosticLogger:226) (1): WEBVIEW2: UI - Loading overlay shown
[2025-07-02 15:40:35.988 INF] WebView2.LogWebView2Event(DiagnosticLogger:226) (1): WEBVIEW2: UI - Address bar updated
[2025-07-02 15:40:35.989 INF] WebView2.LogWebView2Event(DiagnosticLogger:226) (1): WEBVIEW2: ContentFilter - Navigation blocked - inappropriate URL content: https://www.google.com/search?q=adult+enterinatement&sca_esv=bff18f20069c09c1&source=hp&ei=W7VlaP2eKsWqptQPh4iyyAM&iflsig=AOw8s4IAAAAAaGXDa_WXb2L-tkHKDGyMTlrI-kciUbRt&ved=0ahUKEwi9uLmUn5-OAxVFlYkEHQeEDDkQ4dUDCBA&uact=5&oq=adult+enterinatement&gs_lp=Egdnd3Mtd2l6IhRhZHVsdCBlbnRlcmluYXRlbWVudEjBLlCNE1jPLXABeACQAQCYAW6gAdgJqgEEMTkuMbgBA8gBAPgBAZgCDKAC0AWoAgrCAgoQABgDGOoCGI8BwgIKEC4YAxjqAhiPAcICChAAGIAEGEMYigXCAhEQLhiABBixAxjRAxiDARjHAcICDhAAGIAEGLEDGIMBGIoFwgILEAAYgAQYsQMYgwHCAhAQLhiABBjRAxhDGMcBGIoFwgIOEC4YgAQYsQMY0QMYxwHCAhAQLhiABBhDGMcBGIoFGK8BwgIIEC4YgAQYsQPCAg4QLhiABBixAxiDARiKBcICFhAuGIAEGLEDGNEDGEMYgwEYxwEYigXCAggQABiABBixA8ICBRAuGIAEwgINEAAYgAQYsQMYQxiKBcICBRAAGIAEwgIFECEYoAHCAgcQABiABBgNmAMI8QU2eI8Qr3-mDJIHBDExLjGgB5ZZsgcEMTAuMbgHxwXCBwUxLjkuMsgHGA&sclient=gws-wiz
[2025-07-02 15:40:36.059 INF] WebView2.LogWebView2Event(DiagnosticLogger:226) (1): WEBVIEW2: NavigationCompleted - IsSuccess: False
[2025-07-02 15:40:36.060 INF] WebView2.LogWebView2Event(DiagnosticLogger:226) (1): WEBVIEW2: NavigationCompleted - Final URL: https://www.google.com/
[2025-07-02 15:40:36.060 INF] WebView2.LogWebView2Event(DiagnosticLogger:226) (1): WEBVIEW2: NavigationCompleted - Document Title: Google
[2025-07-02 15:40:36.061 INF] WebView2.LogWebView2Event(DiagnosticLogger:226) (1): WEBVIEW2: UI - Loading overlay hidden
[2025-07-02 15:40:36.062 INF] WebView2.LogWebView2Event(DiagnosticLogger:226) (1): WEBVIEW2: NavigationCompleted - Navigation failed - WebErrorStatus: OperationCanceled
[2025-07-02 15:40:36.071 INF] Window.LogWindowEvent(DiagnosticLogger:232) (1): WINDOW: Deactivated - Window deactivated
[2025-07-02 15:40:38.925 INF] Window.LogWindowEvent(DiagnosticLogger:232) (1): WINDOW: Activated - Window activated
[2025-07-02 15:40:38.937 INF] WebView2.LogWebView2Event(DiagnosticLogger:226) (1): WEBVIEW2: NavigationCompleted - Event handling completed
[2025-07-02 15:40:45.177 INF] WebView2.LogWebView2Event(DiagnosticLogger:226) (1): WEBVIEW2: NavigationStarting - URL: https://www.google.com/search?q=adult+enterinatement&sca_esv=bff18f20069c09c1&source=hp&ei=W7VlaP2eKsWqptQPh4iyyAM&iflsig=AOw8s4IAAAAAaGXDa_WXb2L-tkHKDGyMTlrI-kciUbRt&ved=0ahUKEwi9uLmUn5-OAxVFlYkEHQeEDDkQ4dUDCBA&uact=5&oq=adult+enterinatement&gs_lp=Egdnd3Mtd2l6IhRhZHVsdCBlbnRlcmluYXRlbWVudEgAUABYAHAAeACQAQCYAQCgAQCqAQC4AQPIAQCYAgCgAgCYAwCSBwCgBwCyBwC4BwDCBwDIBwA&sclient=gws-wiz
[2025-07-02 15:40:45.183 INF] WebView2.LogWebView2Event(DiagnosticLogger:226) (1): WEBVIEW2: NavigationStarting - IsUserInitiated: True, IsRedirected: False
[2025-07-02 15:40:45.184 INF] WebView2.LogWebView2Event(DiagnosticLogger:226) (1): WEBVIEW2: UI - Loading overlay shown
[2025-07-02 15:40:45.186 INF] WebView2.LogWebView2Event(DiagnosticLogger:226) (1): WEBVIEW2: UI - Address bar updated
[2025-07-02 15:40:45.186 INF] WebView2.LogWebView2Event(DiagnosticLogger:226) (1): WEBVIEW2: ContentFilter - Navigation blocked - inappropriate URL content: https://www.google.com/search?q=adult+enterinatement&sca_esv=bff18f20069c09c1&source=hp&ei=W7VlaP2eKsWqptQPh4iyyAM&iflsig=AOw8s4IAAAAAaGXDa_WXb2L-tkHKDGyMTlrI-kciUbRt&ved=0ahUKEwi9uLmUn5-OAxVFlYkEHQeEDDkQ4dUDCBA&uact=5&oq=adult+enterinatement&gs_lp=Egdnd3Mtd2l6IhRhZHVsdCBlbnRlcmluYXRlbWVudEgAUABYAHAAeACQAQCYAQCgAQCqAQC4AQPIAQCYAgCgAgCYAwCSBwCgBwCyBwC4BwDCBwDIBwA&sclient=gws-wiz
[2025-07-02 15:40:45.235 INF] WebView2.LogWebView2Event(DiagnosticLogger:226) (1): WEBVIEW2: NavigationCompleted - IsSuccess: False
[2025-07-02 15:40:45.236 INF] WebView2.LogWebView2Event(DiagnosticLogger:226) (1): WEBVIEW2: NavigationCompleted - Final URL: https://www.google.com/
[2025-07-02 15:40:45.238 INF] WebView2.LogWebView2Event(DiagnosticLogger:226) (1): WEBVIEW2: NavigationCompleted - Document Title: Google
[2025-07-02 15:40:45.239 INF] WebView2.LogWebView2Event(DiagnosticLogger:226) (1): WEBVIEW2: UI - Loading overlay hidden
[2025-07-02 15:40:45.239 INF] WebView2.LogWebView2Event(DiagnosticLogger:226) (1): WEBVIEW2: NavigationCompleted - Navigation failed - WebErrorStatus: OperationCanceled
[2025-07-02 15:40:45.243 INF] Window.LogWindowEvent(DiagnosticLogger:232) (1): WINDOW: Deactivated - Window deactivated
[2025-07-02 15:40:48.206 INF] Window.LogWindowEvent(DiagnosticLogger:232) (1): WINDOW: Activated - Window activated
[2025-07-02 15:40:48.211 INF] WebView2.LogWebView2Event(DiagnosticLogger:226) (1): WEBVIEW2: NavigationCompleted - Event handling completed
[2025-07-02 15:40:54.461 INF] WebView2.LogWebView2Event(DiagnosticLogger:226) (1): WEBVIEW2: NavigationStarting - URL: https://www.google.com/search?q=some+good+paeg&sca_esv=bff18f20069c09c1&source=hp&ei=W7VlaP2eKsWqptQPh4iyyAM&iflsig=AOw8s4IAAAAAaGXDa_WXb2L-tkHKDGyMTlrI-kciUbRt&ved=0ahUKEwi9uLmUn5-OAxVFlYkEHQeEDDkQ4dUDCBA&uact=5&oq=some+good+paeg&gs_lp=Egdnd3Mtd2l6Ig5zb21lIGdvb2QgcGFlZzIFECEYoAEyBRAhGKABMgUQIRigATIFECEYoAFIoQ1QAFjQC3AAeACQAQCYAVGgAcYGqgECMTS4AQPIAQD4AQGYAg6gAusGwgILEAAYgAQYkQIYigXCAg4QLhiABBixAxiDARiKBcICBRAuGIAEwgIOEAAYgAQYsQMYgwEYigXCAgsQABiABBixAxiDAcICERAuGIAEGLEDGNEDGIMBGMcBwgIOEC4YgAQYsQMY0QMYxwHCAggQABiABBixA8ICCxAuGIAEGLEDGIMBwgIIEC4YgAQYsQPCAggQLhiABBjUAsICCxAuGIAEGLEDGNQCwgIEEAAYA8ICBRAAGIAEwgILEC4YgAQYxwEYrwHCAgYQABgWGB7CAggQABiABBiiBMICBRAAGO8FmAMAkgcCMTSgB42fAbIHAjE0uAfrBsIHBDAuMTTIBxo&sclient=gws-wiz
[2025-07-02 15:40:54.463 INF] WebView2.LogWebView2Event(DiagnosticLogger:226) (1): WEBVIEW2: NavigationStarting - IsUserInitiated: True, IsRedirected: False
[2025-07-02 15:40:54.466 INF] WebView2.LogWebView2Event(DiagnosticLogger:226) (1): WEBVIEW2: UI - Loading overlay shown
[2025-07-02 15:40:54.469 INF] WebView2.LogWebView2Event(DiagnosticLogger:226) (1): WEBVIEW2: UI - Address bar updated
[2025-07-02 15:40:54.470 INF] WebView2.LogWebView2Event(DiagnosticLogger:226) (1): WEBVIEW2: UI - Status text updated
[2025-07-02 15:40:54.470 INF] WebView2.LogWebView2Event(DiagnosticLogger:226) (1): WEBVIEW2: NavigationStarting - Completed successfully
[2025-07-02 15:40:55.202 INF] WebView2.LogWebView2Event(DiagnosticLogger:226) (1): WEBVIEW2: NavigationCompleted - IsSuccess: True
[2025-07-02 15:40:55.249 INF] WebView2.LogWebView2Event(DiagnosticLogger:226) (1): WEBVIEW2: NavigationCompleted - Final URL: https://www.google.com/search?q=some+good+paeg&sca_esv=bff18f20069c09c1&source=hp&ei=W7VlaP2eKsWqptQPh4iyyAM&iflsig=AOw8s4IAAAAAaGXDa_WXb2L-tkHKDGyMTlrI-kciUbRt&ved=0ahUKEwi9uLmUn5-OAxVFlYkEHQeEDDkQ4dUDCBA&uact=5&oq=some+good+paeg&gs_lp=Egdnd3Mtd2l6Ig5zb21lIGdvb2QgcGFlZzIFECEYoAEyBRAhGKABMgUQIRigATIFECEYoAFIoQ1QAFjQC3AAeACQAQCYAVGgAcYGqgECMTS4AQPIAQD4AQGYAg6gAusGwgILEAAYgAQYkQIYigXCAg4QLhiABBixAxiDARiKBcICBRAuGIAEwgIOEAAYgAQYsQMYgwEYigXCAgsQABiABBixAxiDAcICERAuGIAEGLEDGNEDGIMBGMcBwgIOEC4YgAQYsQMY0QMYxwHCAggQABiABBixA8ICCxAuGIAEGLEDGIMBwgIIEC4YgAQYsQPCAggQLhiABBjUAsICCxAuGIAEGLEDGNQCwgIEEAAYA8ICBRAAGIAEwgILEC4YgAQYxwEYrwHCAgYQABgWGB7CAggQABiABBiiBMICBRAAGO8FmAMAkgcCMTSgB42fAbIHAjE0uAfrBsIHBDAuMTTIBxo&sclient=gws-wiz
[2025-07-02 15:40:55.252 INF] WebView2.LogWebView2Event(DiagnosticLogger:226) (1): WEBVIEW2: NavigationCompleted - Document Title: some good paeg - Google Search
[2025-07-02 15:40:55.252 INF] WebView2.LogWebView2Event(DiagnosticLogger:226) (1): WEBVIEW2: UI - Loading overlay hidden
[2025-07-02 15:40:55.252 INF] WebView2.LogWebView2Event(DiagnosticLogger:226) (1): WEBVIEW2: NavigationCompleted - Navigation successful
[2025-07-02 15:40:55.299 INF] WebView2.LogWebView2Event(DiagnosticLogger:226) (1): WEBVIEW2: CSS - Skipping CSS injection to prevent web page styling interference
[2025-07-02 15:40:55.313 INF] WebView2.LogWebView2Event(DiagnosticLogger:226) (1): WEBVIEW2: UI - Navigation buttons updated - Back: True, Forward: False
[2025-07-02 15:40:55.322 INF] WebView2.LogWebView2Event(DiagnosticLogger:226) (1): WEBVIEW2: UI - Address bar updated with final URL
[2025-07-02 15:40:55.323 INF] WebView2.LogWebView2Event(DiagnosticLogger:226) (1): WEBVIEW2: History - Saving to browsing history
[2025-07-02 15:40:55.337 INF] WebView2.LogWebView2Event(DiagnosticLogger:226) (1): WEBVIEW2: ContentFilter - Starting page content check
[2025-07-02 15:40:56.346 INF] WebView2.LogWebView2Event(DiagnosticLogger:226) (1): WEBVIEW2: UI - Status set to Ready
[2025-07-02 15:40:56.348 INF] WebView2.LogWebView2Event(DiagnosticLogger:226) (1): WEBVIEW2: NavigationCompleted - Event handling completed
[2025-07-02 15:41:00.788 INF] Window.LogWindowEvent(DiagnosticLogger:232) (1): WINDOW: Deactivated - Window deactivated
[2025-07-02 15:41:25.739 INF] Window.LogWindowEvent(DiagnosticLogger:232) (1): WINDOW: Activated - Window activated
[2025-07-02 15:41:38.133 INF] WebView2.LogWebView2Event(DiagnosticLogger:226) (1): WEBVIEW2: NavigationStarting - URL: https://www.google.com/search?q=xxx+podn&sca_esv=bff18f20069c09c1&ei=drVlaJeOHdqw5NoPgrqT6AM&ved=0ahUKEwiXoZyhn5-OAxVaGFkFHQLdBD0Q4dUDCBA&uact=5&oq=xxx+podn&gs_lp=Egxnd3Mtd2l6LXNlcnAiCHh4eCBwb2RuSIlGUABYvEJwAXgBkAEAmAF9oAHMBKoBAzguMbgBA8gBAPgBAZgCBaAC6QLCAhcQLhiABBiRAhixAxjRAxiDARjHARiKBcICERAuGIAEGJECGNEDGMcBGIoFwgILEAAYgAQYsQMYgwHCAggQABiABBixA8ICCxAAGIAEGJECGIoFwgIOEC4YgAQYkQIY5QQYigXCAggQLhiABBixA8ICBRAAGIAEwgIOEAAYgAQYsQMYgwEYigXCAhcQLhiABBixAxiXBRjcBBjeBBjfBNgBAcICBRAuGIAEmAMA4gMFEgExIEC6BgYIARABGBSSBwM0LjGgB9IxsgcDMy4xuAflAsIHBTItNC4xyAcc&sclient=gws-wiz-serp
[2025-07-02 15:41:38.136 INF] WebView2.LogWebView2Event(DiagnosticLogger:226) (1): WEBVIEW2: NavigationStarting - IsUserInitiated: True, IsRedirected: False
[2025-07-02 15:41:38.137 INF] WebView2.LogWebView2Event(DiagnosticLogger:226) (1): WEBVIEW2: UI - Loading overlay shown
[2025-07-02 15:41:38.140 INF] WebView2.LogWebView2Event(DiagnosticLogger:226) (1): WEBVIEW2: UI - Address bar updated
[2025-07-02 15:41:38.149 INF] WebView2.LogWebView2Event(DiagnosticLogger:226) (1): WEBVIEW2: ContentFilter - Navigation blocked - inappropriate URL content: https://www.google.com/search?q=xxx+podn&sca_esv=bff18f20069c09c1&ei=drVlaJeOHdqw5NoPgrqT6AM&ved=0ahUKEwiXoZyhn5-OAxVaGFkFHQLdBD0Q4dUDCBA&uact=5&oq=xxx+podn&gs_lp=Egxnd3Mtd2l6LXNlcnAiCHh4eCBwb2RuSIlGUABYvEJwAXgBkAEAmAF9oAHMBKoBAzguMbgBA8gBAPgBAZgCBaAC6QLCAhcQLhiABBiRAhixAxjRAxiDARjHARiKBcICERAuGIAEGJECGNEDGMcBGIoFwgILEAAYgAQYsQMYgwHCAggQABiABBixA8ICCxAAGIAEGJECGIoFwgIOEC4YgAQYkQIY5QQYigXCAggQLhiABBixA8ICBRAAGIAEwgIOEAAYgAQYsQMYgwEYigXCAhcQLhiABBixAxiXBRjcBBjeBBjfBNgBAcICBRAuGIAEmAMA4gMFEgExIEC6BgYIARABGBSSBwM0LjGgB9IxsgcDMy4xuAflAsIHBTItNC4xyAcc&sclient=gws-wiz-serp
[2025-07-02 15:41:38.198 INF] WebView2.LogWebView2Event(DiagnosticLogger:226) (1): WEBVIEW2: NavigationCompleted - IsSuccess: False
[2025-07-02 15:41:38.201 INF] WebView2.LogWebView2Event(DiagnosticLogger:226) (1): WEBVIEW2: NavigationCompleted - Final URL: https://www.google.com/search?q=some+good+paeg&sca_esv=bff18f20069c09c1&source=hp&ei=W7VlaP2eKsWqptQPh4iyyAM&iflsig=AOw8s4IAAAAAaGXDa_WXb2L-tkHKDGyMTlrI-kciUbRt&ved=0ahUKEwi9uLmUn5-OAxVFlYkEHQeEDDkQ4dUDCBA&uact=5&oq=some+good+paeg&gs_lp=Egdnd3Mtd2l6Ig5zb21lIGdvb2QgcGFlZzIFECEYoAEyBRAhGKABMgUQIRigATIFECEYoAFIoQ1QAFjQC3AAeACQAQCYAVGgAcYGqgECMTS4AQPIAQD4AQGYAg6gAusGwgILEAAYgAQYkQIYigXCAg4QLhiABBixAxiDARiKBcICBRAuGIAEwgIOEAAYgAQYsQMYgwEYigXCAgsQABiABBixAxiDAcICERAuGIAEGLEDGNEDGIMBGMcBwgIOEC4YgAQYsQMY0QMYxwHCAggQABiABBixA8ICCxAuGIAEGLEDGIMBwgIIEC4YgAQYsQPCAggQLhiABBjUAsICCxAuGIAEGLEDGNQCwgIEEAAYA8ICBRAAGIAEwgILEC4YgAQYxwEYrwHCAgYQABgWGB7CAggQABiABBiiBMICBRAAGO8FmAMAkgcCMTSgB42fAbIHAjE0uAfrBsIHBDAuMTTIBxo&sclient=gws-wiz
[2025-07-02 15:41:38.202 INF] WebView2.LogWebView2Event(DiagnosticLogger:226) (1): WEBVIEW2: NavigationCompleted - Document Title: some good paeg - Google Search
[2025-07-02 15:41:38.203 INF] WebView2.LogWebView2Event(DiagnosticLogger:226) (1): WEBVIEW2: UI - Loading overlay hidden
[2025-07-02 15:41:38.203 INF] WebView2.LogWebView2Event(DiagnosticLogger:226) (1): WEBVIEW2: NavigationCompleted - Navigation failed - WebErrorStatus: OperationCanceled
[2025-07-02 15:41:38.207 INF] Window.LogWindowEvent(DiagnosticLogger:232) (1): WINDOW: Deactivated - Window deactivated
[2025-07-02 15:44:00.643 INF] Window.LogWindowEvent(DiagnosticLogger:232) (1): WINDOW: Activated - Window activated
[2025-07-02 15:44:00.652 INF] WebView2.LogWebView2Event(DiagnosticLogger:226) (1): WEBVIEW2: NavigationCompleted - Event handling completed
[2025-07-02 15:44:02.213 INF] Window.LogWindowEvent(DiagnosticLogger:232) (1): WINDOW: IsVisibleChanged - Visible: False
[2025-07-02 15:44:02.234 INF] Window.LogWindowEvent(DiagnosticLogger:232) (1): WINDOW: Deactivated - Window deactivated
[2025-07-02 15:44:02.330 INF] Startup.LogStartupStep(DiagnosticLogger:220) (1): STARTUP: Application exiting - Exit code: 0
[2025-07-02 15:44:02.333 INF] DiagnosticLogger.Shutdown(DiagnosticLogger:241) (1): Shutting down logging system
