[2025-07-02 16:03:12.873 INF] DiagnosticLogger.Initialize(DiagnosticLogger:56) (1): Logging system initialized successfully
[2025-07-02 16:03:12.893 INF] DiagnosticLogger.Initialize(DiagnosticLogger:57) (1): Log file: C:\Users\Administrator\Documents\Noor-Ahlyebait-PC\NoorAhlulBayt.Browser\bin\Debug\net9.0-windows\Logs\NoorAhlulBayt.Browser_20250702_160312.log
[2025-07-02 16:03:12.893 INF] DiagnosticLogger.Initialize(DiagnosticLogger:58) (1): Application: NoorAhlulBayt.Browser
[2025-07-02 16:03:12.893 INF] DiagnosticLogger.Initialize(DiagnosticLogger:59) (1): Process ID: 6048
[2025-07-02 16:03:12.897 INF] DiagnosticLogger.Initialize(DiagnosticLogger:60) (1): Thread ID: 1
[2025-07-02 16:03:12.897 INF] DiagnosticLogger.Initialize(DiagnosticLogger:61) (1): Working Directory: C:\Users\Administrator\Documents\Noor-Ahlyebait-PC
[2025-07-02 16:03:12.897 INF] DiagnosticLogger.Initialize(DiagnosticLogger:62) (1): Base Directory: C:\Users\Administrator\Documents\Noor-Ahlyebait-PC\NoorAhlulBayt.Browser\bin\Debug\net9.0-windows\
[2025-07-02 16:03:13.500 INF] DiagnosticLogger.CreateDebugConsole(DiagnosticLogger:103) (1): Debug console window created successfully
[2025-07-02 16:03:13.510 INF] Startup.LogStartupStep(DiagnosticLogger:220) (1): STARTUP: Application starting - Arguments: 
[2025-07-02 16:03:13.510 INF] Startup.LogStartupStep(DiagnosticLogger:220) (1): STARTUP: CLR Version - 9.0.6
[2025-07-02 16:03:13.511 INF] Startup.LogStartupStep(DiagnosticLogger:220) (1): STARTUP: OS Version - Microsoft Windows NT 10.0.20348.0
[2025-07-02 16:03:13.511 INF] Startup.LogStartupStep(DiagnosticLogger:220) (1): STARTUP: Machine Name - COPY-OF-VM-2022
[2025-07-02 16:03:13.513 INF] Startup.LogStartupStep(DiagnosticLogger:220) (1): STARTUP: User Name - Administrator
[2025-07-02 16:03:13.513 INF] Startup.LogStartupStep(DiagnosticLogger:220) (1): STARTUP: Is 64-bit Process - True
[2025-07-02 16:03:13.515 INF] Startup.LogStartupStep(DiagnosticLogger:220) (1): STARTUP: Is 64-bit OS - True
[2025-07-02 16:03:13.516 INF] Startup.LogStartupStep(DiagnosticLogger:220) (1): STARTUP: Exception handlers registered
[2025-07-02 16:03:13.518 INF] Startup.LogStartupStep(DiagnosticLogger:220) (1): STARTUP: Base startup completed
[2025-07-02 16:03:13.531 INF] Startup.LogStartupStep(DiagnosticLogger:220) (1): STARTUP: MainWindow constructor started
[2025-07-02 16:03:13.532 INF] Window.LogWindowEvent(DiagnosticLogger:232) (1): WINDOW: Constructor - Initializing MainWindow
[2025-07-02 16:03:13.534 INF] Startup.LogStartupStep(DiagnosticLogger:220) (1): STARTUP: Calling InitializeComponent
[2025-07-02 16:03:13.787 INF] Startup.LogStartupStep(DiagnosticLogger:220) (1): STARTUP: InitializeComponent completed
[2025-07-02 16:03:13.791 INF] Window.LogWindowEvent(DiagnosticLogger:232) (1): WINDOW: Window Properties - Title: Noor-e-AhlulBayt Islamic Browser, Width: 1200, Height: 800
[2025-07-02 16:03:13.792 INF] Window.LogWindowEvent(DiagnosticLogger:232) (1): WINDOW: Window State - WindowState: Normal, Visibility: Collapsed
[2025-07-02 16:03:13.792 INF] Startup.LogStartupStep(DiagnosticLogger:220) (1): STARTUP: Initializing HttpClient
[2025-07-02 16:03:13.794 INF] Startup.LogStartupStep(DiagnosticLogger:220) (1): STARTUP: HttpClient initialized
[2025-07-02 16:03:13.794 INF] Startup.LogStartupStep(DiagnosticLogger:220) (1): STARTUP: Configuring database context
[2025-07-02 16:03:13.885 INF] Startup.LogStartupStep(DiagnosticLogger:220) (1): STARTUP: Database context configured - Connection: Data Source=noor_browser.db
[2025-07-02 16:03:13.886 INF] Startup.LogStartupStep(DiagnosticLogger:220) (1): STARTUP: Initializing ContentFilterService
[2025-07-02 16:03:13.898 INF] Startup.LogStartupStep(DiagnosticLogger:220) (1): STARTUP: ContentFilterService initialized - NSFW Model: Loaded
[2025-07-02 16:03:13.898 INF] Startup.LogStartupStep(DiagnosticLogger:220) (1): STARTUP: Initializing PrayerTimeService
[2025-07-02 16:03:13.898 INF] Startup.LogStartupStep(DiagnosticLogger:220) (1): STARTUP: PrayerTimeService initialized
[2025-07-02 16:03:13.899 INF] Startup.LogStartupStep(DiagnosticLogger:220) (1): STARTUP: Initializing WebViewContentFilterService
[2025-07-02 16:03:13.900 INF] Startup.LogStartupStep(DiagnosticLogger:220) (1): STARTUP: WebViewContentFilterService initialized
[2025-07-02 16:03:13.900 INF] Startup.LogStartupStep(DiagnosticLogger:220) (1): STARTUP: Setting up prayer timer
[2025-07-02 16:03:13.902 INF] Startup.LogStartupStep(DiagnosticLogger:220) (1): STARTUP: Prayer timer started - Interval: 60 seconds
[2025-07-02 16:03:13.902 INF] Startup.LogStartupStep(DiagnosticLogger:220) (1): STARTUP: Registering Loaded event handler
[2025-07-02 16:03:13.902 INF] Startup.LogStartupStep(DiagnosticLogger:220) (1): STARTUP: MainWindow constructor completed successfully
[2025-07-02 16:03:13.958 INF] Window.LogWindowEvent(DiagnosticLogger:232) (1): WINDOW: LocationChanged - New location: 168, 12
[2025-07-02 16:03:13.961 INF] Window.LogWindowEvent(DiagnosticLogger:232) (1): WINDOW: IsVisibleChanged - Visible: True
[2025-07-02 16:03:14.082 INF] Window.LogWindowEvent(DiagnosticLogger:232) (1): WINDOW: SizeChanged - New size: 1200x800
[2025-07-02 16:03:14.093 INF] Window.LogWindowEvent(DiagnosticLogger:232) (1): WINDOW: Activated - Window activated
[2025-07-02 16:03:14.126 INF] Window.LogWindowEvent(DiagnosticLogger:232) (1): WINDOW: Loaded - MainWindow loaded event triggered
[2025-07-02 16:03:14.134 INF] Window.LogWindowEvent(DiagnosticLogger:232) (1): WINDOW: Window State - ActualWidth: 1200, ActualHeight: 800
[2025-07-02 16:03:14.135 INF] Window.LogWindowEvent(DiagnosticLogger:232) (1): WINDOW: Window State - IsVisible: True, IsActive: True
[2025-07-02 16:03:14.135 INF] Window.LogWindowEvent(DiagnosticLogger:232) (1): WINDOW: Window State - WindowState: Normal, Topmost: False
[2025-07-02 16:03:14.138 INF] Startup.LogStartupStep(DiagnosticLogger:220) (1): STARTUP: InitializeBrowser started
[2025-07-02 16:03:14.138 INF] Startup.LogStartupStep(DiagnosticLogger:220) (1): STARTUP: Creating database if needed
[2025-07-02 16:03:14.528 INF] Startup.LogStartupStep(DiagnosticLogger:220) (1): STARTUP: Database creation completed
[2025-07-02 16:03:14.528 INF] Startup.LogStartupStep(DiagnosticLogger:220) (1): STARTUP: Loading profile and settings
[2025-07-02 16:03:14.827 INF] Startup.LogStartupStep(DiagnosticLogger:220) (1): STARTUP: Profile and settings loaded
[2025-07-02 16:03:14.830 INF] WebView2.LogWebView2Event(DiagnosticLogger:226) (1): WEBVIEW2: Checking WebView2 availability
[2025-07-02 16:03:14.832 INF] WebView2.LogWebView2Event(DiagnosticLogger:226) (1): WEBVIEW2: WebView2 version available - 138.0.3351.65
[2025-07-02 16:03:14.832 INF] WebView2.LogWebView2Event(DiagnosticLogger:226) (1): WEBVIEW2: Initializing WebView2 core
[2025-07-02 16:03:14.833 INF] WebView2.LogWebView2Event(DiagnosticLogger:226) (1): WEBVIEW2: WebView2 control state - IsLoaded: True, Visibility: Visible
[2025-07-02 16:03:15.186 INF] WebView2.LogWebView2Event(DiagnosticLogger:226) (1): WEBVIEW2: WebView2 core initialized
[2025-07-02 16:03:15.234 INF] WebView2.LogWebView2Event(DiagnosticLogger:226) (1): WEBVIEW2: WebView2 environment - BrowserVersionString: 138.0.3351.65
[2025-07-02 16:03:15.235 INF] WebView2.LogWebView2Event(DiagnosticLogger:226) (1): WEBVIEW2: WebView2 environment - UserDataFolder: C:\Users\Administrator\Documents\Noor-Ahlyebait-PC\NoorAhlulBayt.Browser\bin\Debug\net9.0-windows\NoorAhlulBayt.Browser.exe.WebView2
[2025-07-02 16:03:15.236 INF] WebView2.LogWebView2Event(DiagnosticLogger:226) (1): WEBVIEW2: Configuring WebView2 settings
[2025-07-02 16:03:15.237 INF] WebView2.LogWebView2Event(DiagnosticLogger:226) (1): WEBVIEW2: ConfigureWebView - Starting WebView2 configuration
[2025-07-02 16:03:15.238 INF] WebView2.LogWebView2Event(DiagnosticLogger:226) (1): WEBVIEW2: ConfigureWebView - Retrieved WebView2 settings
[2025-07-02 16:03:15.238 INF] WebView2.LogWebView2Event(DiagnosticLogger:226) (1): WEBVIEW2: ConfigureWebView - Configuring security settings
[2025-07-02 16:03:15.239 INF] WebView2.LogWebView2Event(DiagnosticLogger:226) (1): WEBVIEW2: ConfigureWebView - Security settings configured
[2025-07-02 16:03:15.241 INF] WebView2.LogWebView2Event(DiagnosticLogger:226) (1): WEBVIEW2: ConfigureWebView - Configuring content settings
[2025-07-02 16:03:15.241 INF] WebView2.LogWebView2Event(DiagnosticLogger:226) (1): WEBVIEW2: ConfigureWebView - Content settings configured
[2025-07-02 16:03:15.242 INF] WebView2.LogWebView2Event(DiagnosticLogger:226) (1): WEBVIEW2: ConfigureWebView - Setting up content filtering
[2025-07-02 16:03:15.243 INF] WebView2.LogWebView2Event(DiagnosticLogger:226) (1): WEBVIEW2: ConfigureWebView - Content filtering configured
[2025-07-02 16:03:15.245 INF] WebView2.LogWebView2Event(DiagnosticLogger:226) (1): WEBVIEW2: ConfigureWebView - Initializing advanced content filtering
[2025-07-02 16:03:15.246 INF] WebView2.LogWebView2Event(DiagnosticLogger:226) (1): WEBVIEW2: ConfigureWebView - Advanced content filtering initialized successfully
[2025-07-02 16:03:15.392 INF] WebView2.LogWebView2Event(DiagnosticLogger:226) (1): WEBVIEW2: ConfigureWebView - Skipping DOMContentLoaded event to prevent styling interference
[2025-07-02 16:03:15.392 INF] WebView2.LogWebView2Event(DiagnosticLogger:226) (1): WEBVIEW2: ConfigureWebView - Setting up new window handling
[2025-07-02 16:03:15.393 INF] WebView2.LogWebView2Event(DiagnosticLogger:226) (1): WEBVIEW2: ConfigureWebView - WebView2 configuration completed successfully
[2025-07-02 16:03:15.397 INF] WebView2.LogWebView2Event(DiagnosticLogger:226) (1): WEBVIEW2: WebView2 settings configured
[2025-07-02 16:03:15.418 INF] WebView2.LogWebView2Event(DiagnosticLogger:226) (1): WEBVIEW2: Navigating to home page - https://www.google.com
[2025-07-02 16:03:15.464 INF] Startup.LogStartupStep(DiagnosticLogger:220) (1): STARTUP: Updating prayer time display
[2025-07-02 16:03:15.466 INF] Startup.LogStartupStep(DiagnosticLogger:220) (1): STARTUP: Prayer time display updated
[2025-07-02 16:03:15.467 INF] Startup.LogStartupStep(DiagnosticLogger:220) (1): STARTUP: Updating status bar
[2025-07-02 16:03:15.468 INF] Startup.LogStartupStep(DiagnosticLogger:220) (1): STARTUP: Status bar updated
[2025-07-02 16:03:15.469 INF] Startup.LogStartupStep(DiagnosticLogger:220) (1): STARTUP: InitializeBrowser completed successfully
[2025-07-02 16:03:15.478 INF] Window.LogWindowEvent(DiagnosticLogger:232) (1): WINDOW: Loaded - MainWindow loaded event completed successfully
[2025-07-02 16:03:15.481 INF] WebView2.LogWebView2Event(DiagnosticLogger:226) (1): WEBVIEW2: NavigationStarting - URL: https://www.google.com/
[2025-07-02 16:03:15.482 INF] WebView2.LogWebView2Event(DiagnosticLogger:226) (1): WEBVIEW2: NavigationStarting - IsUserInitiated: True, IsRedirected: False
[2025-07-02 16:03:15.483 INF] WebView2.LogWebView2Event(DiagnosticLogger:226) (1): WEBVIEW2: UI - Loading overlay shown
[2025-07-02 16:03:15.497 INF] WebView2.LogWebView2Event(DiagnosticLogger:226) (1): WEBVIEW2: UI - Address bar updated
[2025-07-02 16:03:15.500 INF] WebView2.LogWebView2Event(DiagnosticLogger:226) (1): WEBVIEW2: UI - Status text updated
[2025-07-02 16:03:15.501 INF] WebView2.LogWebView2Event(DiagnosticLogger:226) (1): WEBVIEW2: NavigationStarting - Completed successfully
[2025-07-02 16:03:16.618 INF] WebView2.LogWebView2Event(DiagnosticLogger:226) (1): WEBVIEW2: NavigationCompleted - IsSuccess: True
[2025-07-02 16:03:16.636 INF] WebView2.LogWebView2Event(DiagnosticLogger:226) (1): WEBVIEW2: NavigationCompleted - Final URL: https://www.google.com/
[2025-07-02 16:03:16.638 INF] WebView2.LogWebView2Event(DiagnosticLogger:226) (1): WEBVIEW2: NavigationCompleted - Document Title: Google
[2025-07-02 16:03:16.639 INF] WebView2.LogWebView2Event(DiagnosticLogger:226) (1): WEBVIEW2: UI - Loading overlay hidden
[2025-07-02 16:03:16.639 INF] WebView2.LogWebView2Event(DiagnosticLogger:226) (1): WEBVIEW2: NavigationCompleted - Navigation successful
[2025-07-02 16:03:16.640 INF] WebView2.LogWebView2Event(DiagnosticLogger:226) (1): WEBVIEW2: CSS - Skipping CSS injection to prevent web page styling interference
[2025-07-02 16:03:16.640 INF] WebView2.LogWebView2Event(DiagnosticLogger:226) (1): WEBVIEW2: UI - Navigation buttons updated - Back: False, Forward: False
[2025-07-02 16:03:16.641 INF] WebView2.LogWebView2Event(DiagnosticLogger:226) (1): WEBVIEW2: UI - Address bar updated with final URL
[2025-07-02 16:03:16.641 INF] WebView2.LogWebView2Event(DiagnosticLogger:226) (1): WEBVIEW2: History - Saving to browsing history
[2025-07-02 16:03:16.771 INF] WebView2.LogWebView2Event(DiagnosticLogger:226) (1): WEBVIEW2: ContentFilter - Starting page content check
[2025-07-02 16:03:17.776 INF] WebView2.LogWebView2Event(DiagnosticLogger:226) (1): WEBVIEW2: UI - Status set to Ready
[2025-07-02 16:03:17.777 INF] WebView2.LogWebView2Event(DiagnosticLogger:226) (1): WEBVIEW2: NavigationCompleted - Event handling completed
[2025-07-02 16:03:26.852 INF] WebView2.LogWebView2Event(DiagnosticLogger:226) (1): WEBVIEW2: NavigationStarting - URL: https://www.google.com/search?q=fucking+website&sca_esv=f8b4fb4309dfaf24&source=hp&ei=s7plaMyRO9q9ptQPvoiwwAo&iflsig=AOw8s4IAAAAAaGXIwxV5gJVOZbKEGNJaYshV-nz_4Y5j&ved=0ahUKEwiMt_KgpJ-OAxXanokEHT4EDKgQ4dUDCBA&uact=5&oq=fucking+website&gs_lp=Egdnd3Mtd2l6Ig9mdWNraW5nIHdlYnNpdGVIwixQ_xxYwSpwAXgAkAEBmAFVoAHUBqoBAjE1uAEDyAEA-AEBmAIEoAKAAqgCCsICGhAAGIAEGLQCGNQDGOUCGLcDGIoFGOoCGIoDwgIKEAAYAxjqAhiPAcICChAuGAMY6gIYjwHCAgsQLhiABBiRAhiKBcICERAuGIAEGJECGNEDGMcBGIoFwgIREC4YgAQYsQMY0QMYgwEYxwHCAggQABiABBixA8ICCxAAGIAEGLEDGIMBwgIOEC4YgAQYsQMYgwEYigXCAgsQABiABBiRAhiKBcICDRAuGIAEGEMY1AIYigXCAgoQABiABBhDGIoFwgIOEC4YgAQYsQMY0QMYxwHCAg4QABiABBixAxiDARiKBcICBRAuGIAEwgIIEC4YgAQYsQPCAgUQABiABJgDB-IDBRIBMSBA8QWGYVwIw7K3NJIHATSgB5QlsgcBM7gH-AHCBwUwLjEuM8gHEA&sclient=gws-wiz
[2025-07-02 16:03:26.856 INF] WebView2.LogWebView2Event(DiagnosticLogger:226) (1): WEBVIEW2: NavigationStarting - IsUserInitiated: True, IsRedirected: False
[2025-07-02 16:03:26.859 INF] WebView2.LogWebView2Event(DiagnosticLogger:226) (1): WEBVIEW2: UI - Loading overlay shown
[2025-07-02 16:03:26.865 INF] WebView2.LogWebView2Event(DiagnosticLogger:226) (1): WEBVIEW2: UI - Address bar updated
[2025-07-02 16:03:26.865 INF] WebView2.LogWebView2Event(DiagnosticLogger:226) (1): WEBVIEW2: ContentFilter - Navigation blocked - inappropriate URL content: https://www.google.com/search?q=fucking+website&sca_esv=f8b4fb4309dfaf24&source=hp&ei=s7plaMyRO9q9ptQPvoiwwAo&iflsig=AOw8s4IAAAAAaGXIwxV5gJVOZbKEGNJaYshV-nz_4Y5j&ved=0ahUKEwiMt_KgpJ-OAxXanokEHT4EDKgQ4dUDCBA&uact=5&oq=fucking+website&gs_lp=Egdnd3Mtd2l6Ig9mdWNraW5nIHdlYnNpdGVIwixQ_xxYwSpwAXgAkAEBmAFVoAHUBqoBAjE1uAEDyAEA-AEBmAIEoAKAAqgCCsICGhAAGIAEGLQCGNQDGOUCGLcDGIoFGOoCGIoDwgIKEAAYAxjqAhiPAcICChAuGAMY6gIYjwHCAgsQLhiABBiRAhiKBcICERAuGIAEGJECGNEDGMcBGIoFwgIREC4YgAQYsQMY0QMYgwEYxwHCAggQABiABBixA8ICCxAAGIAEGLEDGIMBwgIOEC4YgAQYsQMYgwEYigXCAgsQABiABBiRAhiKBcICDRAuGIAEGEMY1AIYigXCAgoQABiABBhDGIoFwgIOEC4YgAQYsQMY0QMYxwHCAg4QABiABBixAxiDARiKBcICBRAuGIAEwgIIEC4YgAQYsQPCAgUQABiABJgDB-IDBRIBMSBA8QWGYVwIw7K3NJIHATSgB5QlsgcBM7gH-AHCBwUwLjEuM8gHEA&sclient=gws-wiz
[2025-07-02 16:03:26.912 INF] WebView2.LogWebView2Event(DiagnosticLogger:226) (1): WEBVIEW2: NavigationCompleted - IsSuccess: False
[2025-07-02 16:03:26.914 INF] WebView2.LogWebView2Event(DiagnosticLogger:226) (1): WEBVIEW2: NavigationCompleted - Final URL: https://www.google.com/
[2025-07-02 16:03:26.922 INF] WebView2.LogWebView2Event(DiagnosticLogger:226) (1): WEBVIEW2: NavigationCompleted - Document Title: Google
[2025-07-02 16:03:26.923 INF] WebView2.LogWebView2Event(DiagnosticLogger:226) (1): WEBVIEW2: UI - Loading overlay hidden
[2025-07-02 16:03:26.924 INF] WebView2.LogWebView2Event(DiagnosticLogger:226) (1): WEBVIEW2: NavigationCompleted - Navigation failed - WebErrorStatus: OperationCanceled
[2025-07-02 16:03:26.924 INF] WebView2.LogWebView2Event(DiagnosticLogger:226) (1): WEBVIEW2: NavigationCompleted - Navigation blocked by content filter - showing block overlay instead of error message
[2025-07-02 16:03:26.925 INF] WebView2.LogWebView2Event(DiagnosticLogger:226) (1): WEBVIEW2: NavigationCompleted - Event handling completed
[2025-07-02 16:03:49.928 INF] Window.LogWindowEvent(DiagnosticLogger:232) (1): WINDOW: Deactivated - Window deactivated
[2025-07-02 16:04:11.465 INF] Window.LogWindowEvent(DiagnosticLogger:232) (1): WINDOW: Activated - Window activated
[2025-07-02 16:04:15.842 INF] WebView2.LogWebView2Event(DiagnosticLogger:226) (1): WEBVIEW2: NavigationStarting - URL: https://www.google.com/?safe=active
[2025-07-02 16:04:15.854 INF] WebView2.LogWebView2Event(DiagnosticLogger:226) (1): WEBVIEW2: NavigationStarting - IsUserInitiated: True, IsRedirected: False
[2025-07-02 16:04:15.855 INF] WebView2.LogWebView2Event(DiagnosticLogger:226) (1): WEBVIEW2: UI - Loading overlay shown
[2025-07-02 16:04:15.857 INF] WebView2.LogWebView2Event(DiagnosticLogger:226) (1): WEBVIEW2: UI - Address bar updated
[2025-07-02 16:04:15.860 INF] WebView2.LogWebView2Event(DiagnosticLogger:226) (1): WEBVIEW2: UI - Status text updated
[2025-07-02 16:04:15.860 INF] WebView2.LogWebView2Event(DiagnosticLogger:226) (1): WEBVIEW2: NavigationStarting - Completed successfully
[2025-07-02 16:04:16.064 INF] WebView2.LogWebView2Event(DiagnosticLogger:226) (1): WEBVIEW2: NavigationCompleted - IsSuccess: True
[2025-07-02 16:04:16.136 INF] WebView2.LogWebView2Event(DiagnosticLogger:226) (1): WEBVIEW2: NavigationCompleted - Final URL: https://www.google.com/?safe=active
[2025-07-02 16:04:16.136 INF] WebView2.LogWebView2Event(DiagnosticLogger:226) (1): WEBVIEW2: NavigationCompleted - Document Title: Google
[2025-07-02 16:04:16.137 INF] WebView2.LogWebView2Event(DiagnosticLogger:226) (1): WEBVIEW2: UI - Loading overlay hidden
[2025-07-02 16:04:16.137 INF] WebView2.LogWebView2Event(DiagnosticLogger:226) (1): WEBVIEW2: NavigationCompleted - Navigation successful
[2025-07-02 16:04:16.138 INF] WebView2.LogWebView2Event(DiagnosticLogger:226) (1): WEBVIEW2: CSS - Skipping CSS injection to prevent web page styling interference
[2025-07-02 16:04:16.138 INF] WebView2.LogWebView2Event(DiagnosticLogger:226) (1): WEBVIEW2: UI - Navigation buttons updated - Back: True, Forward: False
[2025-07-02 16:04:16.139 INF] WebView2.LogWebView2Event(DiagnosticLogger:226) (1): WEBVIEW2: UI - Address bar updated with final URL
[2025-07-02 16:04:16.140 INF] WebView2.LogWebView2Event(DiagnosticLogger:226) (1): WEBVIEW2: History - Saving to browsing history
[2025-07-02 16:04:16.159 INF] WebView2.LogWebView2Event(DiagnosticLogger:226) (1): WEBVIEW2: ContentFilter - Starting page content check
[2025-07-02 16:04:17.165 INF] WebView2.LogWebView2Event(DiagnosticLogger:226) (1): WEBVIEW2: UI - Status set to Ready
[2025-07-02 16:04:17.166 INF] WebView2.LogWebView2Event(DiagnosticLogger:226) (1): WEBVIEW2: NavigationCompleted - Event handling completed
[2025-07-02 16:04:25.662 INF] Window.LogWindowEvent(DiagnosticLogger:232) (1): WINDOW: Deactivated - Window deactivated
